<?xml version="1.0" encoding="UTF-8"?>
<!-- Generated by org.testng.reporters.JUnitXMLReporter -->
<testsuite ignored="2" hostname="DESKTOP-2PIKAKN" failures="0" tests="2" name="chrome" time="20.056" errors="0" timestamp="2023-10-01T21:20:34 IST">
  <testcase classname="com.pos.testcases.EditVendor" name="runLogin" time="15.306"/>
  <testcase classname="com.pos.testcases.CreateNewVendor" name="runLogin" time="16.324"/>
  <testcase classname="com.framework.utils.Reporter" name="@BeforeSuite startReport" time="0.0">
    <ignored/>
  </testcase> <!-- @BeforeSuite startReport -->
  <testcase classname="com.framework.utils.Reporter" name="@AfterSuite endResult" time="0.0">
    <ignored/>
  </testcase> <!-- @AfterSuite endResult -->
</testsuite> <!-- chrome -->
