<?xml version="1.0" encoding="UTF-8"?>
<!-- Generated by org.testng.reporters.JUnitXMLReporter -->
<testsuite ignored="2" hostname="DESKTOP-2PIKAKN" failures="0" tests="2" name="firefox" time="8.302" errors="0" timestamp="2023-10-01T20:08:05 IST">
  <testcase classname="com.framework.testng.api.base.ProjectSpecificMethods" name="@BeforeMethod preCondition" time="6.217">
    <failure type="java.lang.StackOverflowError">
      <![CDATA[java.lang.StackOverflowError
at com.framework.selenium.api.base.SeleniumBase.takeSnap(SeleniumBase.java:899)
at com.framework.utils.Reporter.reportStep(Reporter.java:89)
at com.framework.utils.Reporter.reportStep(Reporter.java:116)
at com.framework.selenium.api.base.SeleniumBase.takeSnap(SeleniumBase.java:906)
at com.framework.utils.Reporter.reportStep(Reporter.java:89)
at com.framework.utils.Reporter.reportStep(Reporter.java:116)
at com.framework.selenium.api.base.SeleniumBase.takeSnap(SeleniumBase.java:906)
at com.framework.utils.Reporter.reportStep(Reporter.java:89)
at com.framework.utils.Reporter.reportStep(Reporter.java:116)
at com.framework.selenium.api.base.SeleniumBase.takeSnap(SeleniumBase.java:906)
at com.framework.utils.Reporter.reportStep(Reporter.java:89)
at com.framework.utils.Reporter.reportStep(Reporter.java:116)
at com.framework.selenium.api.base.SeleniumBase.takeSnap(SeleniumBase.java:906)
at com.framework.utils.Reporter.reportStep(Reporter.java:89)
at com.framework.utils.Reporter.reportStep(Reporter.java:116)
at com.framework.selenium.api.base.SeleniumBase.takeSnap(SeleniumBase.java:906)
at com.framework.utils.Reporter.reportStep(Reporter.java:89)
at com.framework.utils.Reporter.reportStep(Reporter.java:116)
at com.framework.selenium.api.base.SeleniumBase.takeSnap(SeleniumBase.java:906)
at com.framework.utils.Reporter.reportStep(Reporter.java:89)
at com.framework.utils.Reporter.reportStep(Reporter.java:116)
at com.framework.selenium.api.base.SeleniumBase.takeSnap(SeleniumBase.java:906)
at com.framework.utils.Reporter.reportStep(Reporter.java:89)
at com.framework.utils.Reporter.reportStep(Reporter.java:116)
at com.framework.selenium.api.base.SeleniumBase.takeSnap(SeleniumBase.java:906)
at com.framework.utils.Reporter.reportStep(Reporter.java:89)
at com.framework.utils.Reporter.reportStep(Reporter.java:116)
at com.framework.selenium.api.base.SeleniumBase.takeSnap(SeleniumBase.java:906)
at com.framework.utils.Reporter.reportStep(Reporter.java:89)
at com.framework.utils.Reporter.reportStep(Reporter.java:116)
at com.framework.selenium.api.base.SeleniumBase.takeSnap(SeleniumBase.java:906)
at com.framework.utils.Reporter.reportStep(Reporter.java:89)
at com.framework.utils.Reporter.reportStep(Reporter.java:116)
at com.framework.selenium.api.base.SeleniumBase.takeSnap(SeleniumBase.java:906)
at com.framework.utils.Reporter.reportStep(Reporter.java:89)
at com.framework.utils.Reporter.reportStep(Reporter.java:116)
at com.framework.selenium.api.base.SeleniumBase.takeSnap(SeleniumBase.java:906)
at com.framework.utils.Reporter.reportStep(Reporter.java:89)
at com.framework.utils.Reporter.reportStep(Reporter.java:116)
at com.framework.selenium.api.base.SeleniumBase.takeSnap(SeleniumBase.java:906)
at com.framework.utils.Reporter.reportStep(Reporter.java:89)
at com.framework.utils.Reporter.reportStep(Reporter.java:116)
at com.framework.selenium.api.base.SeleniumBase.takeSnap(SeleniumBase.java:906)
at com.framework.utils.Reporter.reportStep(Reporter.java:89)
at com.framework.utils.Reporter.reportStep(Reporter.java:116)
at com.framework.selenium.api.base.SeleniumBase.takeSnap(SeleniumBase.java:906)
at com.framework.utils.Reporter.reportStep(Reporter.java:89)
at com.framework.utils.Reporter.reportStep(Reporter.java:116)
at com.framework.selenium.api.base.SeleniumBase.takeSnap(SeleniumBase.java:906)
at com.framework.utils.Reporter.reportStep(Reporter.java:89)
at com.framework.utils.Reporter.reportStep(Reporter.java:116)
at com.framework.selenium.api.base.SeleniumBase.takeSnap(SeleniumBase.java:906)
at com.framework.utils.Reporter.reportStep(Reporter.java:89)
at com.framework.utils.Reporter.reportStep(Reporter.java:116)
at com.framework.selenium.api.base.SeleniumBase.takeSnap(SeleniumBase.java:906)
at com.framework.utils.Reporter.reportStep(Reporter.java:89)
at com.framework.utils.Reporter.reportStep(Reporter.java:116)
at com.framework.selenium.api.base.SeleniumBase.takeSnap(SeleniumBase.java:906)
at com.framework.utils.Reporter.reportStep(Reporter.java:89)
at com.framework.utils.Reporter.reportStep(Reporter.java:116)
at com.framework.selenium.api.base.SeleniumBase.takeSnap(SeleniumBase.java:906)
at com.framework.utils.Reporter.reportStep(Reporter.java:89)
at com.framework.utils.Reporter.reportStep(Reporter.java:116)
at com.framework.selenium.api.base.SeleniumBase.takeSnap(SeleniumBase.java:906)
at com.framework.utils.Reporter.reportStep(Reporter.java:89)
at com.framework.utils.Reporter.reportStep(Reporter.java:116)
at com.framework.selenium.api.base.SeleniumBase.takeSnap(SeleniumBase.java:906)
at com.framework.utils.Reporter.reportStep(Reporter.java:89)
at com.framework.utils.Reporter.reportStep(Reporter.java:116)
at com.framework.selenium.api.base.SeleniumBase.takeSnap(SeleniumBase.java:906)
at com.framework.utils.Reporter.reportStep(Reporter.java:89)
at com.framework.utils.Reporter.reportStep(Reporter.java:116)
at com.framework.selenium.api.base.SeleniumBase.takeSnap(SeleniumBase.java:906)
at com.framework.utils.Reporter.reportStep(Reporter.java:89)
at com.framework.utils.Reporter.reportStep(Reporter.java:116)
at com.framework.selenium.api.base.SeleniumBase.takeSnap(SeleniumBase.java:906)
at com.framework.utils.Reporter.reportStep(Reporter.java:89)
at com.framework.utils.Reporter.reportStep(Reporter.java:116)
at com.framework.selenium.api.base.SeleniumBase.takeSnap(SeleniumBase.java:906)
at com.framework.utils.Reporter.reportStep(Reporter.java:89)
at com.framework.utils.Reporter.reportStep(Reporter.java:116)
at com.framework.selenium.api.base.SeleniumBase.takeSnap(SeleniumBase.java:906)
at com.framework.utils.Reporter.reportStep(Reporter.java:89)
at com.framework.utils.Reporter.reportStep(Reporter.java:116)
at com.framework.selenium.api.base.SeleniumBase.takeSnap(SeleniumBase.java:906)
at com.framework.utils.Reporter.reportStep(Reporter.java:89)
at com.framework.utils.Reporter.reportStep(Reporter.java:116)
at com.framework.selenium.api.base.SeleniumBase.takeSnap(SeleniumBase.java:906)
at com.framework.utils.Reporter.reportStep(Reporter.java:89)
at com.framework.utils.Reporter.reportStep(Reporter.java:116)
at com.framework.selenium.api.base.SeleniumBase.takeSnap(SeleniumBase.java:906)
at com.framework.utils.Reporter.reportStep(Reporter.java:89)
at com.framework.utils.Reporter.reportStep(Reporter.java:116)
at com.framework.selenium.api.base.SeleniumBase.takeSnap(SeleniumBase.java:906)
at com.framework.utils.Reporter.reportStep(Reporter.java:89)
at com.framework.utils.Reporter.reportStep(Reporter.java:116)
at com.framework.selenium.api.base.SeleniumBase.takeSnap(SeleniumBase.java:906)
at com.framework.utils.Reporter.reportStep(Reporter.java:89)
at com.framework.utils.Reporter.reportStep(Reporter.java:116)
at com.framework.selenium.api.base.SeleniumBase.takeSnap(SeleniumBase.java:906)
at com.framework.utils.Reporter.reportStep(Reporter.java:89)
at com.framework.utils.Reporter.reportStep(Reporter.java:116)
at com.framework.selenium.api.base.SeleniumBase.takeSnap(SeleniumBase.java:906)
at com.framework.utils.Reporter.reportStep(Reporter.java:89)
at com.framework.utils.Reporter.reportStep(Reporter.java:116)
at com.framework.selenium.api.base.SeleniumBase.takeSnap(SeleniumBase.java:906)
at com.framework.utils.Reporter.reportStep(Reporter.java:89)
at com.framework.utils.Reporter.reportStep(Reporter.java:116)
at com.framework.selenium.api.base.SeleniumBase.takeSnap(SeleniumBase.java:906)
at com.framework.utils.Reporter.reportStep(Reporter.java:89)
at com.framework.utils.Reporter.reportStep(Reporter.java:116)
at com.framework.selenium.api.base.SeleniumBase.takeSnap(SeleniumBase.java:906)
at com.framework.utils.Reporter.reportStep(Reporter.java:89)
at com.framework.utils.Reporter.reportStep(Reporter.java:116)
at com.framework.selenium.api.base.SeleniumBase.takeSnap(SeleniumBase.java:906)
at com.framework.utils.Reporter.reportStep(Reporter.java:89)
at com.framework.utils.Reporter.reportStep(Reporter.java:116)
at com.framework.selenium.api.base.SeleniumBase.takeSnap(SeleniumBase.java:906)
at com.framework.utils.Reporter.reportStep(Reporter.java:89)
at com.framework.utils.Reporter.reportStep(Reporter.java:116)
at com.framework.selenium.api.base.SeleniumBase.takeSnap(SeleniumBase.java:906)
at com.framework.utils.Reporter.reportStep(Reporter.java:89)
at com.framework.utils.Reporter.reportStep(Reporter.java:116)
at com.framework.selenium.api.base.SeleniumBase.takeSnap(SeleniumBase.java:906)
at com.framework.utils.Reporter.reportStep(Reporter.java:89)
at com.framework.utils.Reporter.reportStep(Reporter.java:116)
at com.framework.selenium.api.base.SeleniumBase.takeSnap(SeleniumBase.java:906)
at com.framework.utils.Reporter.reportStep(Reporter.java:89)
at com.framework.utils.Reporter.reportStep(Reporter.java:116)
at com.framework.selenium.api.base.SeleniumBase.takeSnap(SeleniumBase.java:906)
at com.framework.utils.Reporter.reportStep(Reporter.java:89)
at com.framework.utils.Reporter.reportStep(Reporter.java:116)
at com.framework.selenium.api.base.SeleniumBase.takeSnap(SeleniumBase.java:906)
at com.framework.utils.Reporter.reportStep(Reporter.java:89)
at com.framework.utils.Reporter.reportStep(Reporter.java:116)
at com.framework.selenium.api.base.SeleniumBase.takeSnap(SeleniumBase.java:906)
at com.framework.utils.Reporter.reportStep(Reporter.java:89)
at com.framework.utils.Reporter.reportStep(Reporter.java:116)
at com.framework.selenium.api.base.SeleniumBase.takeSnap(SeleniumBase.java:906)
at com.framework.utils.Reporter.reportStep(Reporter.java:89)
at com.framework.utils.Reporter.reportStep(Reporter.java:116)
at com.framework.selenium.api.base.SeleniumBase.takeSnap(SeleniumBase.java:906)
at com.framework.utils.Reporter.reportStep(Reporter.java:89)
at com.framework.utils.Reporter.reportStep(Reporter.java:116)
at com.framework.selenium.api.base.SeleniumBase.takeSnap(SeleniumBase.java:906)
at com.framework.utils.Reporter.reportStep(Reporter.java:89)
at com.framework.utils.Reporter.reportStep(Reporter.java:116)
at com.framework.selenium.api.base.SeleniumBase.takeSnap(SeleniumBase.java:906)
at com.framework.utils.Reporter.reportStep(Reporter.java:89)
at com.framework.utils.Reporter.reportStep(Reporter.java:116)
at com.framework.selenium.api.base.SeleniumBase.takeSnap(SeleniumBase.java:906)
at com.framework.utils.Reporter.reportStep(Reporter.java:89)
at com.framework.utils.Reporter.reportStep(Reporter.java:116)
at com.framework.selenium.api.base.SeleniumBase.takeSnap(SeleniumBase.java:906)
at com.framework.utils.Reporter.reportStep(Reporter.java:89)
at com.framework.utils.Reporter.reportStep(Reporter.java:116)
at com.framework.selenium.api.base.SeleniumBase.takeSnap(SeleniumBase.java:906)
at com.framework.utils.Reporter.reportStep(Reporter.java:89)
at com.framework.utils.Reporter.reportStep(Reporter.java:116)
at com.framework.selenium.api.base.SeleniumBase.takeSnap(SeleniumBase.java:906)
at com.framework.utils.Reporter.reportStep(Reporter.java:89)
at com.framework.utils.Reporter.reportStep(Reporter.java:116)
at com.framework.selenium.api.base.SeleniumBase.takeSnap(SeleniumBase.java:906)
at com.framework.utils.Reporter.reportStep(Reporter.java:89)
at com.framework.utils.Reporter.reportStep(Reporter.java:116)
at com.framework.selenium.api.base.SeleniumBase.takeSnap(SeleniumBase.java:906)
at com.framework.utils.Reporter.reportStep(Reporter.java:89)
at com.framework.utils.Reporter.reportStep(Reporter.java:116)
at com.framework.selenium.api.base.SeleniumBase.takeSnap(SeleniumBase.java:906)
at com.framework.utils.Reporter.reportStep(Reporter.java:89)
at com.framework.utils.Reporter.reportStep(Reporter.java:116)
at com.framework.selenium.api.base.SeleniumBase.takeSnap(SeleniumBase.java:906)
at com.framework.utils.Reporter.reportStep(Reporter.java:89)
at com.framework.utils.Reporter.reportStep(Reporter.java:116)
at com.framework.selenium.api.base.SeleniumBase.takeSnap(SeleniumBase.java:906)
at com.framework.utils.Reporter.reportStep(Reporter.java:89)
at com.framework.utils.Reporter.reportStep(Reporter.java:116)
at com.framework.selenium.api.base.SeleniumBase.takeSnap(SeleniumBase.java:906)
at com.framework.utils.Reporter.reportStep(Reporter.java:89)
at com.framework.utils.Reporter.reportStep(Reporter.java:116)
at com.framework.selenium.api.base.SeleniumBase.takeSnap(SeleniumBase.java:906)
at com.framework.utils.Reporter.reportStep(Reporter.java:89)
at com.framework.utils.Reporter.reportStep(Reporter.java:116)
at com.framework.selenium.api.base.SeleniumBase.takeSnap(SeleniumBase.java:906)
at com.framework.utils.Reporter.reportStep(Reporter.java:89)
at com.framework.utils.Reporter.reportStep(Reporter.java:116)
at com.framework.selenium.api.base.SeleniumBase.takeSnap(SeleniumBase.java:906)
at com.framework.utils.Reporter.reportStep(Reporter.java:89)
at com.framework.utils.Reporter.reportStep(Reporter.java:116)
at com.framework.selenium.api.base.SeleniumBase.takeSnap(SeleniumBase.java:906)
at com.framework.utils.Reporter.reportStep(Reporter.java:89)
at com.framework.utils.Reporter.reportStep(Reporter.java:116)
at com.framework.selenium.api.base.SeleniumBase.takeSnap(SeleniumBase.java:906)
at com.framework.utils.Reporter.reportStep(Reporter.java:89)
at com.framework.utils.Reporter.reportStep(Reporter.java:116)
at com.framework.selenium.api.base.SeleniumBase.takeSnap(SeleniumBase.java:906)
at com.framework.utils.Reporter.reportStep(Reporter.java:89)
at com.framework.utils.Reporter.reportStep(Reporter.java:116)
at com.framework.selenium.api.base.SeleniumBase.takeSnap(SeleniumBase.java:906)
at com.framework.utils.Reporter.reportStep(Reporter.java:89)
at com.framework.utils.Reporter.reportStep(Reporter.java:116)
at com.framework.selenium.api.base.SeleniumBase.takeSnap(SeleniumBase.java:906)
at com.framework.utils.Reporter.reportStep(Reporter.java:89)
at com.framework.utils.Reporter.reportStep(Reporter.java:116)
at com.framework.selenium.api.base.SeleniumBase.takeSnap(SeleniumBase.java:906)
at com.framework.utils.Reporter.reportStep(Reporter.java:89)
at com.framework.utils.Reporter.reportStep(Reporter.java:116)
at com.framework.selenium.api.base.SeleniumBase.takeSnap(SeleniumBase.java:906)
at com.framework.utils.Reporter.reportStep(Reporter.java:89)
at com.framework.utils.Reporter.reportStep(Reporter.java:116)
at com.framework.selenium.api.base.SeleniumBase.takeSnap(SeleniumBase.java:906)
at com.framework.utils.Reporter.reportStep(Reporter.java:89)
at com.framework.utils.Reporter.reportStep(Reporter.java:116)
at com.framework.selenium.api.base.SeleniumBase.takeSnap(SeleniumBase.java:906)
at com.framework.utils.Reporter.reportStep(Reporter.java:89)
at com.framework.utils.Reporter.reportStep(Reporter.java:116)
at com.framework.selenium.api.base.SeleniumBase.takeSnap(SeleniumBase.java:906)
at com.framework.utils.Reporter.reportStep(Reporter.java:89)
at com.framework.utils.Reporter.reportStep(Reporter.java:116)
at com.framework.selenium.api.base.SeleniumBase.takeSnap(SeleniumBase.java:906)
at com.framework.utils.Reporter.reportStep(Reporter.java:89)
at com.framework.utils.Reporter.reportStep(Reporter.java:116)
at com.framework.selenium.api.base.SeleniumBase.takeSnap(SeleniumBase.java:906)
at com.framework.utils.Reporter.reportStep(Reporter.java:89)
at com.framework.utils.Reporter.reportStep(Reporter.java:116)
at com.framework.selenium.api.base.SeleniumBase.takeSnap(SeleniumBase.java:906)
at com.framework.utils.Reporter.reportStep(Reporter.java:89)
at com.framework.utils.Reporter.reportStep(Reporter.java:116)
at com.framework.selenium.api.base.SeleniumBase.takeSnap(SeleniumBase.java:906)
at com.framework.utils.Reporter.reportStep(Reporter.java:89)
at com.framework.utils.Reporter.reportStep(Reporter.java:116)
at com.framework.selenium.api.base.SeleniumBase.takeSnap(SeleniumBase.java:906)
at com.framework.utils.Reporter.reportStep(Reporter.java:89)
at com.framework.utils.Reporter.reportStep(Reporter.java:116)
at com.framework.selenium.api.base.SeleniumBase.takeSnap(SeleniumBase.java:906)
at com.framework.utils.Reporter.reportStep(Reporter.java:89)
at com.framework.utils.Reporter.reportStep(Reporter.java:116)
at com.framework.selenium.api.base.SeleniumBase.takeSnap(SeleniumBase.java:906)
at com.framework.utils.Reporter.reportStep(Reporter.java:89)
at com.framework.utils.Reporter.reportStep(Reporter.java:116)
at com.framework.selenium.api.base.SeleniumBase.takeSnap(SeleniumBase.java:906)
at com.framework.utils.Reporter.reportStep(Reporter.java:89)
at com.framework.utils.Reporter.reportStep(Reporter.java:116)
at com.framework.selenium.api.base.SeleniumBase.takeSnap(SeleniumBase.java:906)
at com.framework.utils.Reporter.reportStep(Reporter.java:89)
at com.framework.utils.Reporter.reportStep(Reporter.java:116)
at com.framework.selenium.api.base.SeleniumBase.takeSnap(SeleniumBase.java:906)
at com.framework.utils.Reporter.reportStep(Reporter.java:89)
at com.framework.utils.Reporter.reportStep(Reporter.java:116)
at com.framework.selenium.api.base.SeleniumBase.takeSnap(SeleniumBase.java:906)
at com.framework.utils.Reporter.reportStep(Reporter.java:89)
at com.framework.utils.Reporter.reportStep(Reporter.java:116)
at com.framework.selenium.api.base.SeleniumBase.takeSnap(SeleniumBase.java:906)
at com.framework.utils.Reporter.reportStep(Reporter.java:89)
at com.framework.utils.Reporter.reportStep(Reporter.java:116)
at com.framework.selenium.api.base.SeleniumBase.takeSnap(SeleniumBase.java:906)
at com.framework.utils.Reporter.reportStep(Reporter.java:89)
at com.framework.utils.Reporter.reportStep(Reporter.java:116)
at com.framework.selenium.api.base.SeleniumBase.takeSnap(SeleniumBase.java:906)
at com.framework.utils.Reporter.reportStep(Reporter.java:89)
at com.framework.utils.Reporter.reportStep(Reporter.java:116)
at com.framework.selenium.api.base.SeleniumBase.takeSnap(SeleniumBase.java:906)
at com.framework.utils.Reporter.reportStep(Reporter.java:89)
at com.framework.utils.Reporter.reportStep(Reporter.java:116)
at com.framework.selenium.api.base.SeleniumBase.takeSnap(SeleniumBase.java:906)
at com.framework.utils.Reporter.reportStep(Reporter.java:89)
at com.framework.utils.Reporter.reportStep(Reporter.java:116)
at com.framework.selenium.api.base.SeleniumBase.takeSnap(SeleniumBase.java:906)
at com.framework.utils.Reporter.reportStep(Reporter.java:89)
at com.framework.utils.Reporter.reportStep(Reporter.java:116)
at com.framework.selenium.api.base.SeleniumBase.takeSnap(SeleniumBase.java:906)
at com.framework.utils.Reporter.reportStep(Reporter.java:89)
at com.framework.utils.Reporter.reportStep(Reporter.java:116)
at com.framework.selenium.api.base.SeleniumBase.takeSnap(SeleniumBase.java:906)
at com.framework.utils.Reporter.reportStep(Reporter.java:89)
at com.framework.utils.Reporter.reportStep(Reporter.java:116)
at com.framework.selenium.api.base.SeleniumBase.takeSnap(SeleniumBase.java:906)
at com.framework.utils.Reporter.reportStep(Reporter.java:89)
at com.framework.utils.Reporter.reportStep(Reporter.java:116)
at com.framework.selenium.api.base.SeleniumBase.takeSnap(SeleniumBase.java:906)
at com.framework.utils.Reporter.reportStep(Reporter.java:89)
at com.framework.utils.Reporter.reportStep(Reporter.java:116)
at com.framework.selenium.api.base.SeleniumBase.takeSnap(SeleniumBase.java:906)
at com.framework.utils.Reporter.reportStep(Reporter.java:89)
at com.framework.utils.Reporter.reportStep(Reporter.java:116)
at com.framework.selenium.api.base.SeleniumBase.takeSnap(SeleniumBase.java:906)
at com.framework.utils.Reporter.reportStep(Reporter.java:89)
at com.framework.utils.Reporter.reportStep(Reporter.java:116)
at com.framework.selenium.api.base.SeleniumBase.takeSnap(SeleniumBase.java:906)
at com.framework.utils.Reporter.reportStep(Reporter.java:89)
at com.framework.utils.Reporter.reportStep(Reporter.java:116)
at com.framework.selenium.api.base.SeleniumBase.takeSnap(SeleniumBase.java:906)
at com.framework.utils.Reporter.reportStep(Reporter.java:89)
at com.framework.utils.Reporter.reportStep(Reporter.java:116)
at com.framework.selenium.api.base.SeleniumBase.takeSnap(SeleniumBase.java:906)
at com.framework.utils.Reporter.reportStep(Reporter.java:89)
at com.framework.utils.Reporter.reportStep(Reporter.java:116)
at com.framework.selenium.api.base.SeleniumBase.takeSnap(SeleniumBase.java:906)
at com.framework.utils.Reporter.reportStep(Reporter.java:89)
at com.framework.utils.Reporter.reportStep(Reporter.java:116)
at com.framework.selenium.api.base.SeleniumBase.takeSnap(SeleniumBase.java:906)
at com.framework.utils.Reporter.reportStep(Reporter.java:89)
at com.framework.utils.Reporter.reportStep(Reporter.java:116)
at com.framework.selenium.api.base.SeleniumBase.takeSnap(SeleniumBase.java:906)
at com.framework.utils.Reporter.reportStep(Reporter.java:89)
at com.framework.utils.Reporter.reportStep(Reporter.java:116)
at com.framework.selenium.api.base.SeleniumBase.takeSnap(SeleniumBase.java:906)
at com.framework.utils.Reporter.reportStep(Reporter.java:89)
at com.framework.utils.Reporter.reportStep(Reporter.java:116)
at com.framework.selenium.api.base.SeleniumBase.takeSnap(SeleniumBase.java:906)
at com.framework.utils.Reporter.reportStep(Reporter.java:89)
at com.framework.utils.Reporter.reportStep(Reporter.java:116)
at com.framework.selenium.api.base.SeleniumBase.takeSnap(SeleniumBase.java:906)
at com.framework.utils.Reporter.reportStep(Reporter.java:89)
at com.framework.utils.Reporter.reportStep(Reporter.java:116)
at com.framework.selenium.api.base.SeleniumBase.takeSnap(SeleniumBase.java:906)
at com.framework.utils.Reporter.reportStep(Reporter.java:89)
at com.framework.utils.Reporter.reportStep(Reporter.java:116)
at com.framework.selenium.api.base.SeleniumBase.takeSnap(SeleniumBase.java:906)
at com.framework.utils.Reporter.reportStep(Reporter.java:89)
at com.framework.utils.Reporter.reportStep(Reporter.java:116)
at com.framework.selenium.api.base.SeleniumBase.takeSnap(SeleniumBase.java:906)
at com.framework.utils.Reporter.reportStep(Reporter.java:89)
at com.framework.utils.Reporter.reportStep(Reporter.java:116)
at com.framework.selenium.api.base.SeleniumBase.takeSnap(SeleniumBase.java:906)
at com.framework.utils.Reporter.reportStep(Reporter.java:89)
at com.framework.utils.Reporter.reportStep(Reporter.java:116)
at com.framework.selenium.api.base.SeleniumBase.takeSnap(SeleniumBase.java:906)
at com.framework.utils.Reporter.reportStep(Reporter.java:89)
at com.framework.utils.Reporter.reportStep(Reporter.java:116)
at com.framework.selenium.api.base.SeleniumBase.takeSnap(SeleniumBase.java:906)
at com.framework.utils.Reporter.reportStep(Reporter.java:89)
at com.framework.utils.Reporter.reportStep(Reporter.java:116)
at com.framework.selenium.api.base.SeleniumBase.takeSnap(SeleniumBase.java:906)
at com.framework.utils.Reporter.reportStep(Reporter.java:89)
at com.framework.utils.Reporter.reportStep(Reporter.java:116)
at com.framework.selenium.api.base.SeleniumBase.takeSnap(SeleniumBase.java:906)
at com.framework.utils.Reporter.reportStep(Reporter.java:89)
at com.framework.utils.Reporter.reportStep(Reporter.java:116)
at com.framework.selenium.api.base.SeleniumBase.takeSnap(SeleniumBase.java:906)
at com.framework.utils.Reporter.reportStep(Reporter.java:89)
at com.framework.utils.Reporter.reportStep(Reporter.java:116)
at com.framework.selenium.api.base.SeleniumBase.takeSnap(SeleniumBase.java:906)
at com.framework.utils.Reporter.reportStep(Reporter.java:89)
at com.framework.utils.Reporter.reportStep(Reporter.java:116)
at com.framework.selenium.api.base.SeleniumBase.takeSnap(SeleniumBase.java:906)
at com.framework.utils.Reporter.reportStep(Reporter.java:89)
at com.framework.utils.Reporter.reportStep(Reporter.java:116)
at com.framework.selenium.api.base.SeleniumBase.takeSnap(SeleniumBase.java:906)
at com.framework.utils.Reporter.reportStep(Reporter.java:89)
at com.framework.utils.Reporter.reportStep(Reporter.java:116)
at com.framework.selenium.api.base.SeleniumBase.takeSnap(SeleniumBase.java:906)
at com.framework.utils.Reporter.reportStep(Reporter.java:89)
at com.framework.utils.Reporter.reportStep(Reporter.java:116)
at com.framework.selenium.api.base.SeleniumBase.takeSnap(SeleniumBase.java:906)
at com.framework.utils.Reporter.reportStep(Reporter.java:89)
at com.framework.utils.Reporter.reportStep(Reporter.java:116)
at com.framework.selenium.api.base.SeleniumBase.takeSnap(SeleniumBase.java:906)
at com.framework.utils.Reporter.reportStep(Reporter.java:89)
at com.framework.utils.Reporter.reportStep(Reporter.java:116)
at com.framework.selenium.api.base.SeleniumBase.takeSnap(SeleniumBase.java:906)
at com.framework.utils.Reporter.reportStep(Reporter.java:89)
at com.framework.utils.Reporter.reportStep(Reporter.java:116)
at com.framework.selenium.api.base.SeleniumBase.takeSnap(SeleniumBase.java:906)
at com.framework.utils.Reporter.reportStep(Reporter.java:89)
at com.framework.utils.Reporter.reportStep(Reporter.java:116)
at com.framework.selenium.api.base.SeleniumBase.takeSnap(SeleniumBase.java:906)
at com.framework.utils.Reporter.reportStep(Reporter.java:89)
at com.framework.utils.Reporter.reportStep(Reporter.java:116)
at com.framework.selenium.api.base.SeleniumBase.takeSnap(SeleniumBase.java:906)
at com.framework.utils.Reporter.reportStep(Reporter.java:89)
at com.framework.utils.Reporter.reportStep(Reporter.java:116)
at com.framework.selenium.api.base.SeleniumBase.takeSnap(SeleniumBase.java:906)
at com.framework.utils.Reporter.reportStep(Reporter.java:89)
at com.framework.utils.Reporter.reportStep(Reporter.java:116)
at com.framework.selenium.api.base.SeleniumBase.takeSnap(SeleniumBase.java:906)
at com.framework.utils.Reporter.reportStep(Reporter.java:89)
at com.framework.utils.Reporter.reportStep(Reporter.java:116)
at com.framework.selenium.api.base.SeleniumBase.takeSnap(SeleniumBase.java:906)
at com.framework.utils.Reporter.reportStep(Reporter.java:89)
at com.framework.utils.Reporter.reportStep(Reporter.java:116)
at com.framework.selenium.api.base.SeleniumBase.takeSnap(SeleniumBase.java:906)
at com.framework.utils.Reporter.reportStep(Reporter.java:89)
at com.framework.utils.Reporter.reportStep(Reporter.java:116)
at com.framework.selenium.api.base.SeleniumBase.takeSnap(SeleniumBase.java:906)
at com.framework.utils.Reporter.reportStep(Reporter.java:89)
at com.framework.utils.Reporter.reportStep(Reporter.java:116)
at com.framework.selenium.api.base.SeleniumBase.takeSnap(SeleniumBase.java:906)
at com.framework.utils.Reporter.reportStep(Reporter.java:89)
at com.framework.utils.Reporter.reportStep(Reporter.java:116)
at com.framework.selenium.api.base.SeleniumBase.takeSnap(SeleniumBase.java:906)
at com.framework.utils.Reporter.reportStep(Reporter.java:89)
at com.framework.utils.Reporter.reportStep(Reporter.java:116)
at com.framework.selenium.api.base.SeleniumBase.takeSnap(SeleniumBase.java:906)
at com.framework.utils.Reporter.reportStep(Reporter.java:89)
at com.framework.utils.Reporter.reportStep(Reporter.java:116)
at com.framework.selenium.api.base.SeleniumBase.takeSnap(SeleniumBase.java:906)
at com.framework.utils.Reporter.reportStep(Reporter.java:89)
at com.framework.utils.Reporter.reportStep(Reporter.java:116)
at com.framework.selenium.api.base.SeleniumBase.takeSnap(SeleniumBase.java:906)
at com.framework.utils.Reporter.reportStep(Reporter.java:89)
at com.framework.utils.Reporter.reportStep(Reporter.java:116)
at com.framework.selenium.api.base.SeleniumBase.takeSnap(SeleniumBase.java:906)
at com.framework.utils.Reporter.reportStep(Reporter.java:89)
at com.framework.utils.Reporter.reportStep(Reporter.java:116)
at com.framework.selenium.api.base.SeleniumBase.takeSnap(SeleniumBase.java:906)
at com.framework.utils.Reporter.reportStep(Reporter.java:89)
at com.framework.utils.Reporter.reportStep(Reporter.java:116)
at com.framework.selenium.api.base.SeleniumBase.takeSnap(SeleniumBase.java:906)
at com.framework.utils.Reporter.reportStep(Reporter.java:89)
at com.framework.utils.Reporter.reportStep(Reporter.java:116)
at com.framework.selenium.api.base.SeleniumBase.takeSnap(SeleniumBase.java:906)
at com.framework.utils.Reporter.reportStep(Reporter.java:89)
at com.framework.utils.Reporter.reportStep(Reporter.java:116)
at com.framework.selenium.api.base.SeleniumBase.takeSnap(SeleniumBase.java:906)
at com.framework.utils.Reporter.reportStep(Reporter.java:89)
at com.framework.utils.Reporter.reportStep(Reporter.java:116)
at com.framework.selenium.api.base.SeleniumBase.takeSnap(SeleniumBase.java:906)
at com.framework.utils.Reporter.reportStep(Reporter.java:89)
at com.framework.utils.Reporter.reportStep(Reporter.java:116)
at com.framework.selenium.api.base.SeleniumBase.takeSnap(SeleniumBase.java:906)
at com.framework.utils.Reporter.reportStep(Reporter.java:89)
at com.framework.utils.Reporter.reportStep(Reporter.java:116)
at com.framework.selenium.api.base.SeleniumBase.takeSnap(SeleniumBase.java:906)
at com.framework.utils.Reporter.reportStep(Reporter.java:89)
at com.framework.utils.Reporter.reportStep(Reporter.java:116)
at com.framework.selenium.api.base.SeleniumBase.takeSnap(SeleniumBase.java:906)
at com.framework.utils.Reporter.reportStep(Reporter.java:89)
at com.framework.utils.Reporter.reportStep(Reporter.java:116)
at com.framework.selenium.api.base.SeleniumBase.takeSnap(SeleniumBase.java:906)
at com.framework.utils.Reporter.reportStep(Reporter.java:89)
at com.framework.utils.Reporter.reportStep(Reporter.java:116)
at com.framework.selenium.api.base.SeleniumBase.takeSnap(SeleniumBase.java:906)
at com.framework.utils.Reporter.reportStep(Reporter.java:89)
at com.framework.utils.Reporter.reportStep(Reporter.java:116)
at com.framework.selenium.api.base.SeleniumBase.takeSnap(SeleniumBase.java:906)
at com.framework.utils.Reporter.reportStep(Reporter.java:89)
at com.framework.utils.Reporter.reportStep(Reporter.java:116)
at com.framework.selenium.api.base.SeleniumBase.takeSnap(SeleniumBase.java:906)
at com.framework.utils.Reporter.reportStep(Reporter.java:89)
at com.framework.utils.Reporter.reportStep(Reporter.java:116)
at com.framework.selenium.api.base.SeleniumBase.takeSnap(SeleniumBase.java:906)
at com.framework.utils.Reporter.reportStep(Reporter.java:89)
at com.framework.utils.Reporter.reportStep(Reporter.java:116)
at com.framework.selenium.api.base.SeleniumBase.takeSnap(SeleniumBase.java:906)
at com.framework.utils.Reporter.reportStep(Reporter.java:89)
at com.framework.utils.Reporter.reportStep(Reporter.java:116)
at com.framework.selenium.api.base.SeleniumBase.takeSnap(SeleniumBase.java:906)
at com.framework.utils.Reporter.reportStep(Reporter.java:89)
at com.framework.utils.Reporter.reportStep(Reporter.java:116)
at com.framework.selenium.api.base.SeleniumBase.takeSnap(SeleniumBase.java:906)
at com.framework.utils.Reporter.reportStep(Reporter.java:89)
at com.framework.utils.Reporter.reportStep(Reporter.java:116)
at com.framework.selenium.api.base.SeleniumBase.takeSnap(SeleniumBase.java:906)
at com.framework.utils.Reporter.reportStep(Reporter.java:89)
at com.framework.utils.Reporter.reportStep(Reporter.java:116)
at com.framework.selenium.api.base.SeleniumBase.takeSnap(SeleniumBase.java:906)
at com.framework.utils.Reporter.reportStep(Reporter.java:89)
at com.framework.utils.Reporter.reportStep(Reporter.java:116)
at com.framework.selenium.api.base.SeleniumBase.takeSnap(SeleniumBase.java:906)
at com.framework.utils.Reporter.reportStep(Reporter.java:89)
at com.framework.utils.Reporter.reportStep(Reporter.java:116)
at com.framework.selenium.api.base.SeleniumBase.takeSnap(SeleniumBase.java:906)
at com.framework.utils.Reporter.reportStep(Reporter.java:89)
at com.framework.utils.Reporter.reportStep(Reporter.java:116)
at com.framework.selenium.api.base.SeleniumBase.takeSnap(SeleniumBase.java:906)
at com.framework.utils.Reporter.reportStep(Reporter.java:89)
at com.framework.utils.Reporter.reportStep(Reporter.java:116)
at com.framework.selenium.api.base.SeleniumBase.takeSnap(SeleniumBase.java:906)
at com.framework.utils.Reporter.reportStep(Reporter.java:89)
at com.framework.utils.Reporter.reportStep(Reporter.java:116)
at com.framework.selenium.api.base.SeleniumBase.takeSnap(SeleniumBase.java:906)
at com.framework.utils.Reporter.reportStep(Reporter.java:89)
at com.framework.utils.Reporter.reportStep(Reporter.java:116)
at com.framework.selenium.api.base.SeleniumBase.takeSnap(SeleniumBase.java:906)
at com.framework.utils.Reporter.reportStep(Reporter.java:89)
at com.framework.utils.Reporter.reportStep(Reporter.java:116)
at com.framework.selenium.api.base.SeleniumBase.takeSnap(SeleniumBase.java:906)
at com.framework.utils.Reporter.reportStep(Reporter.java:89)
at com.framework.utils.Reporter.reportStep(Reporter.java:116)
at com.framework.selenium.api.base.SeleniumBase.takeSnap(SeleniumBase.java:906)
at com.framework.utils.Reporter.reportStep(Reporter.java:89)
at com.framework.utils.Reporter.reportStep(Reporter.java:116)
at com.framework.selenium.api.base.SeleniumBase.takeSnap(SeleniumBase.java:906)
at com.framework.utils.Reporter.reportStep(Reporter.java:89)
at com.framework.utils.Reporter.reportStep(Reporter.java:116)
at com.framework.selenium.api.base.SeleniumBase.takeSnap(SeleniumBase.java:906)
at com.framework.utils.Reporter.reportStep(Reporter.java:89)
at com.framework.utils.Reporter.reportStep(Reporter.java:116)
at com.framework.selenium.api.base.SeleniumBase.takeSnap(SeleniumBase.java:906)
at com.framework.utils.Reporter.reportStep(Reporter.java:89)
at com.framework.utils.Reporter.reportStep(Reporter.java:116)
at com.framework.selenium.api.base.SeleniumBase.takeSnap(SeleniumBase.java:906)
at com.framework.utils.Reporter.reportStep(Reporter.java:89)
at com.framework.utils.Reporter.reportStep(Reporter.java:116)
at com.framework.selenium.api.base.SeleniumBase.takeSnap(SeleniumBase.java:906)
at com.framework.utils.Reporter.reportStep(Reporter.java:89)
at com.framework.utils.Reporter.reportStep(Reporter.java:116)
at com.framework.selenium.api.base.SeleniumBase.takeSnap(SeleniumBase.java:906)
at com.framework.utils.Reporter.reportStep(Reporter.java:89)
at com.framework.utils.Reporter.reportStep(Reporter.java:116)
at com.framework.selenium.api.base.SeleniumBase.takeSnap(SeleniumBase.java:906)
at com.framework.utils.Reporter.reportStep(Reporter.java:89)
at com.framework.utils.Reporter.reportStep(Reporter.java:116)
at com.framework.selenium.api.base.SeleniumBase.takeSnap(SeleniumBase.java:906)
at com.framework.utils.Reporter.reportStep(Reporter.java:89)
at com.framework.utils.Reporter.reportStep(Reporter.java:116)
at com.framework.selenium.api.base.SeleniumBase.takeSnap(SeleniumBase.java:906)
at com.framework.utils.Reporter.reportStep(Reporter.java:89)
at com.framework.utils.Reporter.reportStep(Reporter.java:116)
at com.framework.selenium.api.base.SeleniumBase.takeSnap(SeleniumBase.java:906)
at com.framework.utils.Reporter.reportStep(Reporter.java:89)
at com.framework.utils.Reporter.reportStep(Reporter.java:116)
at com.framework.selenium.api.base.SeleniumBase.takeSnap(SeleniumBase.java:906)
at com.framework.utils.Reporter.reportStep(Reporter.java:89)
at com.framework.utils.Reporter.reportStep(Reporter.java:116)
at com.framework.selenium.api.base.SeleniumBase.takeSnap(SeleniumBase.java:906)
at com.framework.utils.Reporter.reportStep(Reporter.java:89)
at com.framework.utils.Reporter.reportStep(Reporter.java:116)
at com.framework.selenium.api.base.SeleniumBase.takeSnap(SeleniumBase.java:906)
at com.framework.utils.Reporter.reportStep(Reporter.java:89)
at com.framework.utils.Reporter.reportStep(Reporter.java:116)
at com.framework.selenium.api.base.SeleniumBase.takeSnap(SeleniumBase.java:906)
at com.framework.utils.Reporter.reportStep(Reporter.java:89)
at com.framework.utils.Reporter.reportStep(Reporter.java:116)
at com.framework.selenium.api.base.SeleniumBase.takeSnap(SeleniumBase.java:906)
at com.framework.utils.Reporter.reportStep(Reporter.java:89)
at com.framework.utils.Reporter.reportStep(Reporter.java:116)
at com.framework.selenium.api.base.SeleniumBase.takeSnap(SeleniumBase.java:906)
at com.framework.utils.Reporter.reportStep(Reporter.java:89)
at com.framework.utils.Reporter.reportStep(Reporter.java:116)
at com.framework.selenium.api.base.SeleniumBase.takeSnap(SeleniumBase.java:906)
at com.framework.utils.Reporter.reportStep(Reporter.java:89)
at com.framework.utils.Reporter.reportStep(Reporter.java:116)
at com.framework.selenium.api.base.SeleniumBase.takeSnap(SeleniumBase.java:906)
at com.framework.utils.Reporter.reportStep(Reporter.java:89)
at com.framework.utils.Reporter.reportStep(Reporter.java:116)
at com.framework.selenium.api.base.SeleniumBase.takeSnap(SeleniumBase.java:906)
at com.framework.utils.Reporter.reportStep(Reporter.java:89)
at com.framework.utils.Reporter.reportStep(Reporter.java:116)
at com.framework.selenium.api.base.SeleniumBase.takeSnap(SeleniumBase.java:906)
at com.framework.utils.Reporter.reportStep(Reporter.java:89)
at com.framework.utils.Reporter.reportStep(Reporter.java:116)
at com.framework.selenium.api.base.SeleniumBase.takeSnap(SeleniumBase.java:906)
at com.framework.utils.Reporter.reportStep(Reporter.java:89)
at com.framework.utils.Reporter.reportStep(Reporter.java:116)
at com.framework.selenium.api.base.SeleniumBase.takeSnap(SeleniumBase.java:906)
at com.framework.utils.Reporter.reportStep(Reporter.java:89)
at com.framework.utils.Reporter.reportStep(Reporter.java:116)
at com.framework.selenium.api.base.SeleniumBase.takeSnap(SeleniumBase.java:906)
at com.framework.utils.Reporter.reportStep(Reporter.java:89)
at com.framework.utils.Reporter.reportStep(Reporter.java:116)
at com.framework.selenium.api.base.SeleniumBase.takeSnap(SeleniumBase.java:906)
at com.framework.utils.Reporter.reportStep(Reporter.java:89)
at com.framework.utils.Reporter.reportStep(Reporter.java:116)
at com.framework.selenium.api.base.SeleniumBase.takeSnap(SeleniumBase.java:906)
at com.framework.utils.Reporter.reportStep(Reporter.java:89)
at com.framework.utils.Reporter.reportStep(Reporter.java:116)
at com.framework.selenium.api.base.SeleniumBase.takeSnap(SeleniumBase.java:906)
at com.framework.utils.Reporter.reportStep(Reporter.java:89)
at com.framework.utils.Reporter.reportStep(Reporter.java:116)
at com.framework.selenium.api.base.SeleniumBase.takeSnap(SeleniumBase.java:906)
at com.framework.utils.Reporter.reportStep(Reporter.java:89)
at com.framework.utils.Reporter.reportStep(Reporter.java:116)
at com.framework.selenium.api.base.SeleniumBase.takeSnap(SeleniumBase.java:906)
at com.framework.utils.Reporter.reportStep(Reporter.java:89)
at com.framework.utils.Reporter.reportStep(Reporter.java:116)
at com.framework.selenium.api.base.SeleniumBase.takeSnap(SeleniumBase.java:906)
at com.framework.utils.Reporter.reportStep(Reporter.java:89)
at com.framework.utils.Reporter.reportStep(Reporter.java:116)
at com.framework.selenium.api.base.SeleniumBase.takeSnap(SeleniumBase.java:906)
at com.framework.utils.Reporter.reportStep(Reporter.java:89)
at com.framework.utils.Reporter.reportStep(Reporter.java:116)
at com.framework.selenium.api.base.SeleniumBase.takeSnap(SeleniumBase.java:906)
at com.framework.utils.Reporter.reportStep(Reporter.java:89)
at com.framework.utils.Reporter.reportStep(Reporter.java:116)
at com.framework.selenium.api.base.SeleniumBase.takeSnap(SeleniumBase.java:906)
at com.framework.utils.Reporter.reportStep(Reporter.java:89)
at com.framework.utils.Reporter.reportStep(Reporter.java:116)
at com.framework.selenium.api.base.SeleniumBase.takeSnap(SeleniumBase.java:906)
at com.framework.utils.Reporter.reportStep(Reporter.java:89)
at com.framework.utils.Reporter.reportStep(Reporter.java:116)
at com.framework.selenium.api.base.SeleniumBase.takeSnap(SeleniumBase.java:906)
at com.framework.utils.Reporter.reportStep(Reporter.java:89)
at com.framework.utils.Reporter.reportStep(Reporter.java:116)
at com.framework.selenium.api.base.SeleniumBase.takeSnap(SeleniumBase.java:906)
at com.framework.utils.Reporter.reportStep(Reporter.java:89)
at com.framework.utils.Reporter.reportStep(Reporter.java:116)
at com.framework.selenium.api.base.SeleniumBase.takeSnap(SeleniumBase.java:906)
at com.framework.utils.Reporter.reportStep(Reporter.java:89)
at com.framework.utils.Reporter.reportStep(Reporter.java:116)
at com.framework.selenium.api.base.SeleniumBase.takeSnap(SeleniumBase.java:906)
at com.framework.utils.Reporter.reportStep(Reporter.java:89)
at com.framework.utils.Reporter.reportStep(Reporter.java:116)
at com.framework.selenium.api.base.SeleniumBase.takeSnap(SeleniumBase.java:906)
at com.framework.utils.Reporter.reportStep(Reporter.java:89)
at com.framework.utils.Reporter.reportStep(Reporter.java:116)
at com.framework.selenium.api.base.SeleniumBase.takeSnap(SeleniumBase.java:906)
at com.framework.utils.Reporter.reportStep(Reporter.java:89)
at com.framework.utils.Reporter.reportStep(Reporter.java:116)
at com.framework.selenium.api.base.SeleniumBase.takeSnap(SeleniumBase.java:906)
at com.framework.utils.Reporter.reportStep(Reporter.java:89)
at com.framework.utils.Reporter.reportStep(Reporter.java:116)
at com.framework.selenium.api.base.SeleniumBase.takeSnap(SeleniumBase.java:906)
at com.framework.utils.Reporter.reportStep(Reporter.java:89)
at com.framework.utils.Reporter.reportStep(Reporter.java:116)
at com.framework.selenium.api.base.SeleniumBase.takeSnap(SeleniumBase.java:906)
at com.framework.utils.Reporter.reportStep(Reporter.java:89)
at com.framework.utils.Reporter.reportStep(Reporter.java:116)
at com.framework.selenium.api.base.SeleniumBase.takeSnap(SeleniumBase.java:906)
at com.framework.utils.Reporter.reportStep(Reporter.java:89)
at com.framework.utils.Reporter.reportStep(Reporter.java:116)
at com.framework.selenium.api.base.SeleniumBase.takeSnap(SeleniumBase.java:906)
at com.framework.utils.Reporter.reportStep(Reporter.java:89)
at com.framework.utils.Reporter.reportStep(Reporter.java:116)
at com.framework.selenium.api.base.SeleniumBase.takeSnap(SeleniumBase.java:906)
at com.framework.utils.Reporter.reportStep(Reporter.java:89)
at com.framework.utils.Reporter.reportStep(Reporter.java:116)
at com.framework.selenium.api.base.SeleniumBase.takeSnap(SeleniumBase.java:906)
at com.framework.utils.Reporter.reportStep(Reporter.java:89)
at com.framework.utils.Reporter.reportStep(Reporter.java:116)
at com.framework.selenium.api.base.SeleniumBase.takeSnap(SeleniumBase.java:906)
at com.framework.utils.Reporter.reportStep(Reporter.java:89)
at com.framework.utils.Reporter.reportStep(Reporter.java:116)
at com.framework.selenium.api.base.SeleniumBase.takeSnap(SeleniumBase.java:906)
at com.framework.utils.Reporter.reportStep(Reporter.java:89)
at com.framework.utils.Reporter.reportStep(Reporter.java:116)
at com.framework.selenium.api.base.SeleniumBase.takeSnap(SeleniumBase.java:906)
at com.framework.utils.Reporter.reportStep(Reporter.java:89)
at com.framework.utils.Reporter.reportStep(Reporter.java:116)
at com.framework.selenium.api.base.SeleniumBase.takeSnap(SeleniumBase.java:906)
at com.framework.utils.Reporter.reportStep(Reporter.java:89)
at com.framework.utils.Reporter.reportStep(Reporter.java:116)
at com.framework.selenium.api.base.SeleniumBase.takeSnap(SeleniumBase.java:906)
at com.framework.utils.Reporter.reportStep(Reporter.java:89)
at com.framework.utils.Reporter.reportStep(Reporter.java:116)
at com.framework.selenium.api.base.SeleniumBase.takeSnap(SeleniumBase.java:906)
at com.framework.utils.Reporter.reportStep(Reporter.java:89)
at com.framework.utils.Reporter.reportStep(Reporter.java:116)
at com.framework.selenium.api.base.SeleniumBase.takeSnap(SeleniumBase.java:906)
at com.framework.utils.Reporter.reportStep(Reporter.java:89)
at com.framework.utils.Reporter.reportStep(Reporter.java:116)
at com.framework.selenium.api.base.SeleniumBase.takeSnap(SeleniumBase.java:906)
at com.framework.utils.Reporter.reportStep(Reporter.java:89)
at com.framework.utils.Reporter.reportStep(Reporter.java:116)
at com.framework.selenium.api.base.SeleniumBase.takeSnap(SeleniumBase.java:906)
at com.framework.utils.Reporter.reportStep(Reporter.java:89)
at com.framework.utils.Reporter.reportStep(Reporter.java:116)
at com.framework.selenium.api.base.SeleniumBase.takeSnap(SeleniumBase.java:906)
at com.framework.utils.Reporter.reportStep(Reporter.java:89)
at com.framework.utils.Reporter.reportStep(Reporter.java:116)
at com.framework.selenium.api.base.SeleniumBase.takeSnap(SeleniumBase.java:906)
at com.framework.utils.Reporter.reportStep(Reporter.java:89)
at com.framework.utils.Reporter.reportStep(Reporter.java:116)
at com.framework.selenium.api.base.SeleniumBase.takeSnap(SeleniumBase.java:906)
at com.framework.utils.Reporter.reportStep(Reporter.java:89)
at com.framework.utils.Reporter.reportStep(Reporter.java:116)
at com.framework.selenium.api.base.SeleniumBase.takeSnap(SeleniumBase.java:906)
at com.framework.utils.Reporter.reportStep(Reporter.java:89)
at com.framework.utils.Reporter.reportStep(Reporter.java:116)
at com.framework.selenium.api.base.SeleniumBase.takeSnap(SeleniumBase.java:906)
at com.framework.utils.Reporter.reportStep(Reporter.java:89)
at com.framework.utils.Reporter.reportStep(Reporter.java:116)
at com.framework.selenium.api.base.SeleniumBase.takeSnap(SeleniumBase.java:906)
at com.framework.utils.Reporter.reportStep(Reporter.java:89)
at com.framework.utils.Reporter.reportStep(Reporter.java:116)
at com.framework.selenium.api.base.SeleniumBase.takeSnap(SeleniumBase.java:906)
at com.framework.utils.Reporter.reportStep(Reporter.java:89)
at com.framework.utils.Reporter.reportStep(Reporter.java:116)
at com.framework.selenium.api.base.SeleniumBase.takeSnap(SeleniumBase.java:906)
at com.framework.utils.Reporter.reportStep(Reporter.java:89)
at com.framework.utils.Reporter.reportStep(Reporter.java:116)
at com.framework.selenium.api.base.SeleniumBase.takeSnap(SeleniumBase.java:906)
at com.framework.utils.Reporter.reportStep(Reporter.java:89)
at com.framework.utils.Reporter.reportStep(Reporter.java:116)
at com.framework.selenium.api.base.SeleniumBase.takeSnap(SeleniumBase.java:906)
at com.framework.utils.Reporter.reportStep(Reporter.java:89)
at com.framework.utils.Reporter.reportStep(Reporter.java:116)
at com.framework.selenium.api.base.SeleniumBase.takeSnap(SeleniumBase.java:906)
at com.framework.utils.Reporter.reportStep(Reporter.java:89)
at com.framework.utils.Reporter.reportStep(Reporter.java:116)
at com.framework.selenium.api.base.SeleniumBase.takeSnap(SeleniumBase.java:906)
at com.framework.utils.Reporter.reportStep(Reporter.java:89)
at com.framework.utils.Reporter.reportStep(Reporter.java:116)
at com.framework.selenium.api.base.SeleniumBase.takeSnap(SeleniumBase.java:906)
at com.framework.utils.Reporter.reportStep(Reporter.java:89)
at com.framework.utils.Reporter.reportStep(Reporter.java:116)
at com.framework.selenium.api.base.SeleniumBase.takeSnap(SeleniumBase.java:906)
at com.framework.utils.Reporter.reportStep(Reporter.java:89)
at com.framework.utils.Reporter.reportStep(Reporter.java:116)
at com.framework.selenium.api.base.SeleniumBase.takeSnap(SeleniumBase.java:906)
at com.framework.utils.Reporter.reportStep(Reporter.java:89)
at com.framework.utils.Reporter.reportStep(Reporter.java:116)
at com.framework.selenium.api.base.SeleniumBase.takeSnap(SeleniumBase.java:906)
at com.framework.utils.Reporter.reportStep(Reporter.java:89)
at com.framework.utils.Reporter.reportStep(Reporter.java:116)
at com.framework.selenium.api.base.SeleniumBase.takeSnap(SeleniumBase.java:906)
at com.framework.utils.Reporter.reportStep(Reporter.java:89)
at com.framework.utils.Reporter.reportStep(Reporter.java:116)
at com.framework.selenium.api.base.SeleniumBase.takeSnap(SeleniumBase.java:906)
at com.framework.utils.Reporter.reportStep(Reporter.java:89)
at com.framework.utils.Reporter.reportStep(Reporter.java:116)
at com.framework.selenium.api.base.SeleniumBase.takeSnap(SeleniumBase.java:906)
at com.framework.utils.Reporter.reportStep(Reporter.java:89)
at com.framework.utils.Reporter.reportStep(Reporter.java:116)
at com.framework.selenium.api.base.SeleniumBase.takeSnap(SeleniumBase.java:906)
at com.framework.utils.Reporter.reportStep(Reporter.java:89)
at com.framework.utils.Reporter.reportStep(Reporter.java:116)
at com.framework.selenium.api.base.SeleniumBase.takeSnap(SeleniumBase.java:906)
at com.framework.utils.Reporter.reportStep(Reporter.java:89)
at com.framework.utils.Reporter.reportStep(Reporter.java:116)
at com.framework.selenium.api.base.SeleniumBase.takeSnap(SeleniumBase.java:906)
at com.framework.utils.Reporter.reportStep(Reporter.java:89)
at com.framework.utils.Reporter.reportStep(Reporter.java:116)
at com.framework.selenium.api.base.SeleniumBase.takeSnap(SeleniumBase.java:906)
at com.framework.utils.Reporter.reportStep(Reporter.java:89)
at com.framework.utils.Reporter.reportStep(Reporter.java:116)
at com.framework.selenium.api.base.SeleniumBase.takeSnap(SeleniumBase.java:906)
at com.framework.utils.Reporter.reportStep(Reporter.java:89)
at com.framework.utils.Reporter.reportStep(Reporter.java:116)
at com.framework.selenium.api.base.SeleniumBase.takeSnap(SeleniumBase.java:906)
at com.framework.utils.Reporter.reportStep(Reporter.java:89)
at com.framework.utils.Reporter.reportStep(Reporter.java:116)
at com.framework.selenium.api.base.SeleniumBase.takeSnap(SeleniumBase.java:906)
at com.framework.utils.Reporter.reportStep(Reporter.java:89)
at com.framework.utils.Reporter.reportStep(Reporter.java:116)
at com.framework.selenium.api.base.SeleniumBase.takeSnap(SeleniumBase.java:906)
at com.framework.utils.Reporter.reportStep(Reporter.java:89)
at com.framework.utils.Reporter.reportStep(Reporter.java:116)
at com.framework.selenium.api.base.SeleniumBase.takeSnap(SeleniumBase.java:906)
at com.framework.utils.Reporter.reportStep(Reporter.java:89)
at com.framework.utils.Reporter.reportStep(Reporter.java:116)
at com.framework.selenium.api.base.SeleniumBase.takeSnap(SeleniumBase.java:906)
at com.framework.utils.Reporter.reportStep(Reporter.java:89)
at com.framework.utils.Reporter.reportStep(Reporter.java:116)
at com.framework.selenium.api.base.SeleniumBase.takeSnap(SeleniumBase.java:906)
at com.framework.utils.Reporter.reportStep(Reporter.java:89)
at com.framework.utils.Reporter.reportStep(Reporter.java:116)
at com.framework.selenium.api.base.SeleniumBase.takeSnap(SeleniumBase.java:906)
at com.framework.utils.Reporter.reportStep(Reporter.java:89)
at com.framework.utils.Reporter.reportStep(Reporter.java:116)
at com.framework.selenium.api.base.SeleniumBase.takeSnap(SeleniumBase.java:906)
at com.framework.utils.Reporter.reportStep(Reporter.java:89)
at com.framework.utils.Reporter.reportStep(Reporter.java:116)
at com.framework.selenium.api.base.SeleniumBase.takeSnap(SeleniumBase.java:906)
at com.framework.utils.Reporter.reportStep(Reporter.java:89)
at com.framework.utils.Reporter.reportStep(Reporter.java:116)
at com.framework.selenium.api.base.SeleniumBase.takeSnap(SeleniumBase.java:906)
at com.framework.utils.Reporter.reportStep(Reporter.java:89)
at com.framework.utils.Reporter.reportStep(Reporter.java:116)
at com.framework.selenium.api.base.SeleniumBase.takeSnap(SeleniumBase.java:906)
at com.framework.utils.Reporter.reportStep(Reporter.java:89)
at com.framework.utils.Reporter.reportStep(Reporter.java:116)
at com.framework.selenium.api.base.SeleniumBase.takeSnap(SeleniumBase.java:906)
at com.framework.utils.Reporter.reportStep(Reporter.java:89)
at com.framework.utils.Reporter.reportStep(Reporter.java:116)
at com.framework.selenium.api.base.SeleniumBase.takeSnap(SeleniumBase.java:906)
at com.framework.utils.Reporter.reportStep(Reporter.java:89)
at com.framework.utils.Reporter.reportStep(Reporter.java:116)
at com.framework.selenium.api.base.SeleniumBase.takeSnap(SeleniumBase.java:906)
at com.framework.utils.Reporter.reportStep(Reporter.java:89)
at com.framework.utils.Reporter.reportStep(Reporter.java:116)
at com.framework.selenium.api.base.SeleniumBase.takeSnap(SeleniumBase.java:906)
at com.framework.utils.Reporter.reportStep(Reporter.java:89)
at com.framework.utils.Reporter.reportStep(Reporter.java:116)
at com.framework.selenium.api.base.SeleniumBase.takeSnap(SeleniumBase.java:906)
at com.framework.utils.Reporter.reportStep(Reporter.java:89)
at com.framework.utils.Reporter.reportStep(Reporter.java:116)
at com.framework.selenium.api.base.SeleniumBase.takeSnap(SeleniumBase.java:906)
at com.framework.utils.Reporter.reportStep(Reporter.java:89)
at com.framework.utils.Reporter.reportStep(Reporter.java:116)
at com.framework.selenium.api.base.SeleniumBase.takeSnap(SeleniumBase.java:906)
at com.framework.utils.Reporter.reportStep(Reporter.java:89)
at com.framework.utils.Reporter.reportStep(Reporter.java:116)
at com.framework.selenium.api.base.SeleniumBase.takeSnap(SeleniumBase.java:906)
at com.framework.utils.Reporter.reportStep(Reporter.java:89)
at com.framework.utils.Reporter.reportStep(Reporter.java:116)
at com.framework.selenium.api.base.SeleniumBase.takeSnap(SeleniumBase.java:906)
at com.framework.utils.Reporter.reportStep(Reporter.java:89)
at com.framework.utils.Reporter.reportStep(Reporter.java:116)
at com.framework.selenium.api.base.SeleniumBase.takeSnap(SeleniumBase.java:906)
at com.framework.utils.Reporter.reportStep(Reporter.java:89)
at com.framework.utils.Reporter.reportStep(Reporter.java:116)
at com.framework.selenium.api.base.SeleniumBase.takeSnap(SeleniumBase.java:906)
at com.framework.utils.Reporter.reportStep(Reporter.java:89)
at com.framework.utils.Reporter.reportStep(Reporter.java:116)
at com.framework.selenium.api.base.SeleniumBase.takeSnap(SeleniumBase.java:906)
at com.framework.utils.Reporter.reportStep(Reporter.java:89)
at com.framework.utils.Reporter.reportStep(Reporter.java:116)
at com.framework.selenium.api.base.SeleniumBase.takeSnap(SeleniumBase.java:906)
at com.framework.utils.Reporter.reportStep(Reporter.java:89)
at com.framework.utils.Reporter.reportStep(Reporter.java:116)
at com.framework.selenium.api.base.SeleniumBase.takeSnap(SeleniumBase.java:906)
at com.framework.utils.Reporter.reportStep(Reporter.java:89)
at com.framework.utils.Reporter.reportStep(Reporter.java:116)
at com.framework.selenium.api.base.SeleniumBase.takeSnap(SeleniumBase.java:906)
at com.framework.utils.Reporter.reportStep(Reporter.java:89)
at com.framework.utils.Reporter.reportStep(Reporter.java:116)
at com.framework.selenium.api.base.SeleniumBase.takeSnap(SeleniumBase.java:906)
at com.framework.utils.Reporter.reportStep(Reporter.java:89)
at com.framework.utils.Reporter.reportStep(Reporter.java:116)
at com.framework.selenium.api.base.SeleniumBase.takeSnap(SeleniumBase.java:906)
at com.framework.utils.Reporter.reportStep(Reporter.java:89)
at com.framework.utils.Reporter.reportStep(Reporter.java:116)
at com.framework.selenium.api.base.SeleniumBase.takeSnap(SeleniumBase.java:906)
at com.framework.utils.Reporter.reportStep(Reporter.java:89)
at com.framework.utils.Reporter.reportStep(Reporter.java:116)
at com.framework.selenium.api.base.SeleniumBase.takeSnap(SeleniumBase.java:906)
at com.framework.utils.Reporter.reportStep(Reporter.java:89)
at com.framework.utils.Reporter.reportStep(Reporter.java:116)
at com.framework.selenium.api.base.SeleniumBase.takeSnap(SeleniumBase.java:906)
at com.framework.utils.Reporter.reportStep(Reporter.java:89)
at com.framework.utils.Reporter.reportStep(Reporter.java:116)
at com.framework.selenium.api.base.SeleniumBase.takeSnap(SeleniumBase.java:906)
at com.framework.utils.Reporter.reportStep(Reporter.java:89)
at com.framework.utils.Reporter.reportStep(Reporter.java:116)
at com.framework.selenium.api.base.SeleniumBase.takeSnap(SeleniumBase.java:906)
at com.framework.utils.Reporter.reportStep(Reporter.java:89)
at com.framework.utils.Reporter.reportStep(Reporter.java:116)
at com.framework.selenium.api.base.SeleniumBase.takeSnap(SeleniumBase.java:906)
at com.framework.utils.Reporter.reportStep(Reporter.java:89)
at com.framework.utils.Reporter.reportStep(Reporter.java:116)
at com.framework.selenium.api.base.SeleniumBase.takeSnap(SeleniumBase.java:906)
at com.framework.utils.Reporter.reportStep(Reporter.java:89)
at com.framework.utils.Reporter.reportStep(Reporter.java:116)
at com.framework.selenium.api.base.SeleniumBase.takeSnap(SeleniumBase.java:906)
at com.framework.utils.Reporter.reportStep(Reporter.java:89)
at com.framework.utils.Reporter.reportStep(Reporter.java:116)
at com.framework.selenium.api.base.SeleniumBase.takeSnap(SeleniumBase.java:906)
at com.framework.utils.Reporter.reportStep(Reporter.java:89)
at com.framework.utils.Reporter.reportStep(Reporter.java:116)
at com.framework.selenium.api.base.SeleniumBase.takeSnap(SeleniumBase.java:906)
at com.framework.utils.Reporter.reportStep(Reporter.java:89)
at com.framework.utils.Reporter.reportStep(Reporter.java:116)
at com.framework.selenium.api.base.SeleniumBase.takeSnap(SeleniumBase.java:906)
at com.framework.utils.Reporter.reportStep(Reporter.java:89)
at com.framework.utils.Reporter.reportStep(Reporter.java:116)
at com.framework.selenium.api.base.SeleniumBase.takeSnap(SeleniumBase.java:906)
at com.framework.utils.Reporter.reportStep(Reporter.java:89)
at com.framework.utils.Reporter.reportStep(Reporter.java:116)
at com.framework.selenium.api.base.SeleniumBase.takeSnap(SeleniumBase.java:906)
at com.framework.utils.Reporter.reportStep(Reporter.java:89)
at com.framework.utils.Reporter.reportStep(Reporter.java:116)
at com.framework.selenium.api.base.SeleniumBase.takeSnap(SeleniumBase.java:906)
at com.framework.utils.Reporter.reportStep(Reporter.java:89)
at com.framework.utils.Reporter.reportStep(Reporter.java:116)
at com.framework.selenium.api.base.SeleniumBase.takeSnap(SeleniumBase.java:906)
at com.framework.utils.Reporter.reportStep(Reporter.java:89)
at com.framework.utils.Reporter.reportStep(Reporter.java:116)
at com.framework.selenium.api.base.SeleniumBase.takeSnap(SeleniumBase.java:906)
at com.framework.utils.Reporter.reportStep(Reporter.java:89)
at com.framework.utils.Reporter.reportStep(Reporter.java:116)
at com.framework.selenium.api.base.SeleniumBase.takeSnap(SeleniumBase.java:906)
at com.framework.utils.Reporter.reportStep(Reporter.java:89)
at com.framework.utils.Reporter.reportStep(Reporter.java:116)
at com.framework.selenium.api.base.SeleniumBase.takeSnap(SeleniumBase.java:906)
at com.framework.utils.Reporter.reportStep(Reporter.java:89)
at com.framework.utils.Reporter.reportStep(Reporter.java:116)
at com.framework.selenium.api.base.SeleniumBase.takeSnap(SeleniumBase.java:906)
at com.framework.utils.Reporter.reportStep(Reporter.java:89)
at com.framework.utils.Reporter.reportStep(Reporter.java:116)
at com.framework.selenium.api.base.SeleniumBase.takeSnap(SeleniumBase.java:906)
at com.framework.utils.Reporter.reportStep(Reporter.java:89)
at com.framework.utils.Reporter.reportStep(Reporter.java:116)
at com.framework.selenium.api.base.SeleniumBase.takeSnap(SeleniumBase.java:906)
at com.framework.utils.Reporter.reportStep(Reporter.java:89)
at com.framework.utils.Reporter.reportStep(Reporter.java:116)
at com.framework.selenium.api.base.SeleniumBase.takeSnap(SeleniumBase.java:906)
at com.framework.utils.Reporter.reportStep(Reporter.java:89)
at com.framework.utils.Reporter.reportStep(Reporter.java:116)
at com.framework.selenium.api.base.SeleniumBase.takeSnap(SeleniumBase.java:906)
at com.framework.utils.Reporter.reportStep(Reporter.java:89)
at com.framework.utils.Reporter.reportStep(Reporter.java:116)
at com.framework.selenium.api.base.SeleniumBase.takeSnap(SeleniumBase.java:906)
at com.framework.utils.Reporter.reportStep(Reporter.java:89)
at com.framework.utils.Reporter.reportStep(Reporter.java:116)
at com.framework.selenium.api.base.SeleniumBase.takeSnap(SeleniumBase.java:906)
at com.framework.utils.Reporter.reportStep(Reporter.java:89)
at com.framework.utils.Reporter.reportStep(Reporter.java:116)
at com.framework.selenium.api.base.SeleniumBase.takeSnap(SeleniumBase.java:906)
at com.framework.utils.Reporter.reportStep(Reporter.java:89)
at com.framework.utils.Reporter.reportStep(Reporter.java:116)
at com.framework.selenium.api.base.SeleniumBase.takeSnap(SeleniumBase.java:906)
at com.framework.utils.Reporter.reportStep(Reporter.java:89)
at com.framework.utils.Reporter.reportStep(Reporter.java:116)
at com.framework.selenium.api.base.SeleniumBase.takeSnap(SeleniumBase.java:906)
at com.framework.utils.Reporter.reportStep(Reporter.java:89)
at com.framework.utils.Reporter.reportStep(Reporter.java:116)
at com.framework.selenium.api.base.SeleniumBase.takeSnap(SeleniumBase.java:906)
at com.framework.utils.Reporter.reportStep(Reporter.java:89)
at com.framework.utils.Reporter.reportStep(Reporter.java:116)
at com.framework.selenium.api.base.SeleniumBase.takeSnap(SeleniumBase.java:906)
at com.framework.utils.Reporter.reportStep(Reporter.java:89)
at com.framework.utils.Reporter.reportStep(Reporter.java:116)
at com.framework.selenium.api.base.SeleniumBase.takeSnap(SeleniumBase.java:906)
at com.framework.utils.Reporter.reportStep(Reporter.java:89)
at com.framework.utils.Reporter.reportStep(Reporter.java:116)
at com.framework.selenium.api.base.SeleniumBase.takeSnap(SeleniumBase.java:906)
at com.framework.utils.Reporter.reportStep(Reporter.java:89)
at com.framework.utils.Reporter.reportStep(Reporter.java:116)
at com.framework.selenium.api.base.SeleniumBase.takeSnap(SeleniumBase.java:906)
at com.framework.utils.Reporter.reportStep(Reporter.java:89)
at com.framework.utils.Reporter.reportStep(Reporter.java:116)
at com.framework.selenium.api.base.SeleniumBase.takeSnap(SeleniumBase.java:906)
at com.framework.utils.Reporter.reportStep(Reporter.java:89)
at com.framework.utils.Reporter.reportStep(Reporter.java:116)
at com.framework.selenium.api.base.SeleniumBase.takeSnap(SeleniumBase.java:906)
at com.framework.utils.Reporter.reportStep(Reporter.java:89)
at com.framework.utils.Reporter.reportStep(Reporter.java:116)
at com.framework.selenium.api.base.SeleniumBase.takeSnap(SeleniumBase.java:906)
at com.framework.utils.Reporter.reportStep(Reporter.java:89)
at com.framework.utils.Reporter.reportStep(Reporter.java:116)
at com.framework.selenium.api.base.SeleniumBase.takeSnap(SeleniumBase.java:906)
at com.framework.utils.Reporter.reportStep(Reporter.java:89)
at com.framework.utils.Reporter.reportStep(Reporter.java:116)
at com.framework.selenium.api.base.SeleniumBase.takeSnap(SeleniumBase.java:906)
at com.framework.utils.Reporter.reportStep(Reporter.java:89)
at com.framework.utils.Reporter.reportStep(Reporter.java:116)
at com.framework.selenium.api.base.SeleniumBase.takeSnap(SeleniumBase.java:906)
at com.framework.utils.Reporter.reportStep(Reporter.java:89)
at com.framework.utils.Reporter.reportStep(Reporter.java:116)
at com.framework.selenium.api.base.SeleniumBase.takeSnap(SeleniumBase.java:906)
at com.framework.utils.Reporter.reportStep(Reporter.java:89)
at com.framework.utils.Reporter.reportStep(Reporter.java:116)
at com.framework.selenium.api.base.SeleniumBase.takeSnap(SeleniumBase.java:906)
at com.framework.utils.Reporter.reportStep(Reporter.java:89)
at com.framework.utils.Reporter.reportStep(Reporter.java:116)
at com.framework.selenium.api.base.SeleniumBase.takeSnap(SeleniumBase.java:906)
at com.framework.utils.Reporter.reportStep(Reporter.java:89)
at com.framework.utils.Reporter.reportStep(Reporter.java:116)
at com.framework.selenium.api.base.SeleniumBase.takeSnap(SeleniumBase.java:906)
at com.framework.utils.Reporter.reportStep(Reporter.java:89)
at com.framework.utils.Reporter.reportStep(Reporter.java:116)
at com.framework.selenium.api.base.SeleniumBase.takeSnap(SeleniumBase.java:906)
at com.framework.utils.Reporter.reportStep(Reporter.java:89)
at com.framework.utils.Reporter.reportStep(Reporter.java:116)
at com.framework.selenium.api.base.SeleniumBase.takeSnap(SeleniumBase.java:906)
at com.framework.utils.Reporter.reportStep(Reporter.java:89)
at com.framework.utils.Reporter.reportStep(Reporter.java:116)
at com.framework.selenium.api.base.SeleniumBase.takeSnap(SeleniumBase.java:906)
at com.framework.utils.Reporter.reportStep(Reporter.java:89)
at com.framework.utils.Reporter.reportStep(Reporter.java:116)
at com.framework.selenium.api.base.SeleniumBase.takeSnap(SeleniumBase.java:906)
at com.framework.utils.Reporter.reportStep(Reporter.java:89)
at com.framework.utils.Reporter.reportStep(Reporter.java:116)
at com.framework.selenium.api.base.SeleniumBase.takeSnap(SeleniumBase.java:906)
at com.framework.utils.Reporter.reportStep(Reporter.java:89)
at com.framework.utils.Reporter.reportStep(Reporter.java:116)
at com.framework.selenium.api.base.SeleniumBase.takeSnap(SeleniumBase.java:906)
at com.framework.utils.Reporter.reportStep(Reporter.java:89)
at com.framework.utils.Reporter.reportStep(Reporter.java:116)
at com.framework.selenium.api.base.SeleniumBase.takeSnap(SeleniumBase.java:906)
at com.framework.utils.Reporter.reportStep(Reporter.java:89)
at com.framework.utils.Reporter.reportStep(Reporter.java:116)
at com.framework.selenium.api.base.SeleniumBase.takeSnap(SeleniumBase.java:906)
at com.framework.utils.Reporter.reportStep(Reporter.java:89)
at com.framework.utils.Reporter.reportStep(Reporter.java:116)
at com.framework.selenium.api.base.SeleniumBase.takeSnap(SeleniumBase.java:906)
at com.framework.utils.Reporter.reportStep(Reporter.java:89)
at com.framework.utils.Reporter.reportStep(Reporter.java:116)
at com.framework.selenium.api.base.SeleniumBase.takeSnap(SeleniumBase.java:906)
at com.framework.utils.Reporter.reportStep(Reporter.java:89)
at com.framework.utils.Reporter.reportStep(Reporter.java:116)
at com.framework.selenium.api.base.SeleniumBase.takeSnap(SeleniumBase.java:906)
at com.framework.utils.Reporter.reportStep(Reporter.java:89)
at com.framework.utils.Reporter.reportStep(Reporter.java:116)
at com.framework.selenium.api.base.SeleniumBase.takeSnap(SeleniumBase.java:906)
at com.framework.utils.Reporter.reportStep(Reporter.java:89)
at com.framework.utils.Reporter.reportStep(Reporter.java:116)
at com.framework.selenium.api.base.SeleniumBase.takeSnap(SeleniumBase.java:906)
at com.framework.utils.Reporter.reportStep(Reporter.java:89)
at com.framework.utils.Reporter.reportStep(Reporter.java:116)
at com.framework.selenium.api.base.SeleniumBase.takeSnap(SeleniumBase.java:906)
at com.framework.utils.Reporter.reportStep(Reporter.java:89)
at com.framework.utils.Reporter.reportStep(Reporter.java:116)
at com.framework.selenium.api.base.SeleniumBase.takeSnap(SeleniumBase.java:906)
at com.framework.utils.Reporter.reportStep(Reporter.java:89)
at com.framework.utils.Reporter.reportStep(Reporter.java:116)
at com.framework.selenium.api.base.SeleniumBase.takeSnap(SeleniumBase.java:906)
at com.framework.utils.Reporter.reportStep(Reporter.java:89)
at com.framework.utils.Reporter.reportStep(Reporter.java:116)
at com.framework.selenium.api.base.SeleniumBase.takeSnap(SeleniumBase.java:906)
at com.framework.utils.Reporter.reportStep(Reporter.java:89)
at com.framework.utils.Reporter.reportStep(Reporter.java:116)
at com.framework.selenium.api.base.SeleniumBase.takeSnap(SeleniumBase.java:906)
at com.framework.utils.Reporter.reportStep(Reporter.java:89)
at com.framework.utils.Reporter.reportStep(Reporter.java:116)
at com.framework.selenium.api.base.SeleniumBase.takeSnap(SeleniumBase.java:906)
at com.framework.utils.Reporter.reportStep(Reporter.java:89)
at com.framework.utils.Reporter.reportStep(Reporter.java:116)
at com.framework.selenium.api.base.SeleniumBase.takeSnap(SeleniumBase.java:906)
at com.framework.utils.Reporter.reportStep(Reporter.java:89)
at com.framework.utils.Reporter.reportStep(Reporter.java:116)
at com.framework.selenium.api.base.SeleniumBase.takeSnap(SeleniumBase.java:906)
at com.framework.utils.Reporter.reportStep(Reporter.java:89)
at com.framework.utils.Reporter.reportStep(Reporter.java:116)
at com.framework.selenium.api.base.SeleniumBase.takeSnap(SeleniumBase.java:906)
at com.framework.utils.Reporter.reportStep(Reporter.java:89)
at com.framework.utils.Reporter.reportStep(Reporter.java:116)
at com.framework.selenium.api.base.SeleniumBase.takeSnap(SeleniumBase.java:906)
at com.framework.utils.Reporter.reportStep(Reporter.java:89)
at com.framework.utils.Reporter.reportStep(Reporter.java:116)
at com.framework.selenium.api.base.SeleniumBase.takeSnap(SeleniumBase.java:906)
at com.framework.utils.Reporter.reportStep(Reporter.java:89)
at com.framework.utils.Reporter.reportStep(Reporter.java:116)
at com.framework.selenium.api.base.SeleniumBase.takeSnap(SeleniumBase.java:906)
at com.framework.utils.Reporter.reportStep(Reporter.java:89)
at com.framework.utils.Reporter.reportStep(Reporter.java:116)
at com.framework.selenium.api.base.SeleniumBase.takeSnap(SeleniumBase.java:906)
at com.framework.utils.Reporter.reportStep(Reporter.java:89)
at com.framework.utils.Reporter.reportStep(Reporter.java:116)
at com.framework.selenium.api.base.SeleniumBase.takeSnap(SeleniumBase.java:906)
at com.framework.utils.Reporter.reportStep(Reporter.java:89)
at com.framework.utils.Reporter.reportStep(Reporter.java:116)
at com.framework.selenium.api.base.SeleniumBase.takeSnap(SeleniumBase.java:906)
at com.framework.utils.Reporter.reportStep(Reporter.java:89)
at com.framework.utils.Reporter.reportStep(Reporter.java:116)
at com.framework.selenium.api.base.SeleniumBase.takeSnap(SeleniumBase.java:906)
at com.framework.utils.Reporter.reportStep(Reporter.java:89)
at com.framework.utils.Reporter.reportStep(Reporter.java:116)
at com.framework.selenium.api.base.SeleniumBase.takeSnap(SeleniumBase.java:906)
at com.framework.utils.Reporter.reportStep(Reporter.java:89)
at com.framework.utils.Reporter.reportStep(Reporter.java:116)
at com.framework.selenium.api.base.SeleniumBase.takeSnap(SeleniumBase.java:906)
]]>
    </failure>
  </testcase> <!-- @BeforeMethod preCondition -->
  <testcase classname="com.framework.testng.api.base.ProjectSpecificMethods" name="@AfterMethod postCondition" time="-1.696171085193E9">
    <skipped/>
  </testcase> <!-- @AfterMethod postCondition -->
  <testcase classname="com.framework.testng.api.base.ProjectSpecificMethods" name="@BeforeMethod preCondition" time="6.791">
    <failure type="java.lang.StackOverflowError">
      <![CDATA[java.lang.StackOverflowError
at java.base/java.lang.NullPointerException.fillInStackTrace(NullPointerException.java:91)
at java.base/java.lang.Throwable.<init>(Throwable.java:257)
at java.base/java.lang.Exception.<init>(Exception.java:55)
at java.base/java.lang.RuntimeException.<init>(RuntimeException.java:52)
at java.base/java.lang.NullPointerException.<init>(NullPointerException.java:60)
at com.framework.selenium.api.base.SeleniumBase.takeSnap(SeleniumBase.java:899)
at com.framework.utils.Reporter.reportStep(Reporter.java:89)
at com.framework.utils.Reporter.reportStep(Reporter.java:116)
at com.framework.selenium.api.base.SeleniumBase.takeSnap(SeleniumBase.java:906)
at com.framework.utils.Reporter.reportStep(Reporter.java:89)
at com.framework.utils.Reporter.reportStep(Reporter.java:116)
at com.framework.selenium.api.base.SeleniumBase.takeSnap(SeleniumBase.java:906)
at com.framework.utils.Reporter.reportStep(Reporter.java:89)
at com.framework.utils.Reporter.reportStep(Reporter.java:116)
at com.framework.selenium.api.base.SeleniumBase.takeSnap(SeleniumBase.java:906)
at com.framework.utils.Reporter.reportStep(Reporter.java:89)
at com.framework.utils.Reporter.reportStep(Reporter.java:116)
at com.framework.selenium.api.base.SeleniumBase.takeSnap(SeleniumBase.java:906)
at com.framework.utils.Reporter.reportStep(Reporter.java:89)
at com.framework.utils.Reporter.reportStep(Reporter.java:116)
at com.framework.selenium.api.base.SeleniumBase.takeSnap(SeleniumBase.java:906)
at com.framework.utils.Reporter.reportStep(Reporter.java:89)
at com.framework.utils.Reporter.reportStep(Reporter.java:116)
at com.framework.selenium.api.base.SeleniumBase.takeSnap(SeleniumBase.java:906)
at com.framework.utils.Reporter.reportStep(Reporter.java:89)
at com.framework.utils.Reporter.reportStep(Reporter.java:116)
at com.framework.selenium.api.base.SeleniumBase.takeSnap(SeleniumBase.java:906)
at com.framework.utils.Reporter.reportStep(Reporter.java:89)
at com.framework.utils.Reporter.reportStep(Reporter.java:116)
at com.framework.selenium.api.base.SeleniumBase.takeSnap(SeleniumBase.java:906)
at com.framework.utils.Reporter.reportStep(Reporter.java:89)
at com.framework.utils.Reporter.reportStep(Reporter.java:116)
at com.framework.selenium.api.base.SeleniumBase.takeSnap(SeleniumBase.java:906)
at com.framework.utils.Reporter.reportStep(Reporter.java:89)
at com.framework.utils.Reporter.reportStep(Reporter.java:116)
at com.framework.selenium.api.base.SeleniumBase.takeSnap(SeleniumBase.java:906)
at com.framework.utils.Reporter.reportStep(Reporter.java:89)
at com.framework.utils.Reporter.reportStep(Reporter.java:116)
at com.framework.selenium.api.base.SeleniumBase.takeSnap(SeleniumBase.java:906)
at com.framework.utils.Reporter.reportStep(Reporter.java:89)
at com.framework.utils.Reporter.reportStep(Reporter.java:116)
at com.framework.selenium.api.base.SeleniumBase.takeSnap(SeleniumBase.java:906)
at com.framework.utils.Reporter.reportStep(Reporter.java:89)
at com.framework.utils.Reporter.reportStep(Reporter.java:116)
at com.framework.selenium.api.base.SeleniumBase.takeSnap(SeleniumBase.java:906)
at com.framework.utils.Reporter.reportStep(Reporter.java:89)
at com.framework.utils.Reporter.reportStep(Reporter.java:116)
at com.framework.selenium.api.base.SeleniumBase.takeSnap(SeleniumBase.java:906)
at com.framework.utils.Reporter.reportStep(Reporter.java:89)
at com.framework.utils.Reporter.reportStep(Reporter.java:116)
at com.framework.selenium.api.base.SeleniumBase.takeSnap(SeleniumBase.java:906)
at com.framework.utils.Reporter.reportStep(Reporter.java:89)
at com.framework.utils.Reporter.reportStep(Reporter.java:116)
at com.framework.selenium.api.base.SeleniumBase.takeSnap(SeleniumBase.java:906)
at com.framework.utils.Reporter.reportStep(Reporter.java:89)
at com.framework.utils.Reporter.reportStep(Reporter.java:116)
at com.framework.selenium.api.base.SeleniumBase.takeSnap(SeleniumBase.java:906)
at com.framework.utils.Reporter.reportStep(Reporter.java:89)
at com.framework.utils.Reporter.reportStep(Reporter.java:116)
at com.framework.selenium.api.base.SeleniumBase.takeSnap(SeleniumBase.java:906)
at com.framework.utils.Reporter.reportStep(Reporter.java:89)
at com.framework.utils.Reporter.reportStep(Reporter.java:116)
at com.framework.selenium.api.base.SeleniumBase.takeSnap(SeleniumBase.java:906)
at com.framework.utils.Reporter.reportStep(Reporter.java:89)
at com.framework.utils.Reporter.reportStep(Reporter.java:116)
at com.framework.selenium.api.base.SeleniumBase.takeSnap(SeleniumBase.java:906)
at com.framework.utils.Reporter.reportStep(Reporter.java:89)
at com.framework.utils.Reporter.reportStep(Reporter.java:116)
at com.framework.selenium.api.base.SeleniumBase.takeSnap(SeleniumBase.java:906)
at com.framework.utils.Reporter.reportStep(Reporter.java:89)
at com.framework.utils.Reporter.reportStep(Reporter.java:116)
at com.framework.selenium.api.base.SeleniumBase.takeSnap(SeleniumBase.java:906)
at com.framework.utils.Reporter.reportStep(Reporter.java:89)
at com.framework.utils.Reporter.reportStep(Reporter.java:116)
at com.framework.selenium.api.base.SeleniumBase.takeSnap(SeleniumBase.java:906)
at com.framework.utils.Reporter.reportStep(Reporter.java:89)
at com.framework.utils.Reporter.reportStep(Reporter.java:116)
at com.framework.selenium.api.base.SeleniumBase.takeSnap(SeleniumBase.java:906)
at com.framework.utils.Reporter.reportStep(Reporter.java:89)
at com.framework.utils.Reporter.reportStep(Reporter.java:116)
at com.framework.selenium.api.base.SeleniumBase.takeSnap(SeleniumBase.java:906)
at com.framework.utils.Reporter.reportStep(Reporter.java:89)
at com.framework.utils.Reporter.reportStep(Reporter.java:116)
at com.framework.selenium.api.base.SeleniumBase.takeSnap(SeleniumBase.java:906)
at com.framework.utils.Reporter.reportStep(Reporter.java:89)
at com.framework.utils.Reporter.reportStep(Reporter.java:116)
at com.framework.selenium.api.base.SeleniumBase.takeSnap(SeleniumBase.java:906)
at com.framework.utils.Reporter.reportStep(Reporter.java:89)
at com.framework.utils.Reporter.reportStep(Reporter.java:116)
at com.framework.selenium.api.base.SeleniumBase.takeSnap(SeleniumBase.java:906)
at com.framework.utils.Reporter.reportStep(Reporter.java:89)
at com.framework.utils.Reporter.reportStep(Reporter.java:116)
at com.framework.selenium.api.base.SeleniumBase.takeSnap(SeleniumBase.java:906)
at com.framework.utils.Reporter.reportStep(Reporter.java:89)
at com.framework.utils.Reporter.reportStep(Reporter.java:116)
at com.framework.selenium.api.base.SeleniumBase.takeSnap(SeleniumBase.java:906)
at com.framework.utils.Reporter.reportStep(Reporter.java:89)
at com.framework.utils.Reporter.reportStep(Reporter.java:116)
at com.framework.selenium.api.base.SeleniumBase.takeSnap(SeleniumBase.java:906)
at com.framework.utils.Reporter.reportStep(Reporter.java:89)
at com.framework.utils.Reporter.reportStep(Reporter.java:116)
at com.framework.selenium.api.base.SeleniumBase.takeSnap(SeleniumBase.java:906)
at com.framework.utils.Reporter.reportStep(Reporter.java:89)
at com.framework.utils.Reporter.reportStep(Reporter.java:116)
at com.framework.selenium.api.base.SeleniumBase.takeSnap(SeleniumBase.java:906)
at com.framework.utils.Reporter.reportStep(Reporter.java:89)
at com.framework.utils.Reporter.reportStep(Reporter.java:116)
at com.framework.selenium.api.base.SeleniumBase.takeSnap(SeleniumBase.java:906)
at com.framework.utils.Reporter.reportStep(Reporter.java:89)
at com.framework.utils.Reporter.reportStep(Reporter.java:116)
at com.framework.selenium.api.base.SeleniumBase.takeSnap(SeleniumBase.java:906)
at com.framework.utils.Reporter.reportStep(Reporter.java:89)
at com.framework.utils.Reporter.reportStep(Reporter.java:116)
at com.framework.selenium.api.base.SeleniumBase.takeSnap(SeleniumBase.java:906)
at com.framework.utils.Reporter.reportStep(Reporter.java:89)
at com.framework.utils.Reporter.reportStep(Reporter.java:116)
at com.framework.selenium.api.base.SeleniumBase.takeSnap(SeleniumBase.java:906)
at com.framework.utils.Reporter.reportStep(Reporter.java:89)
at com.framework.utils.Reporter.reportStep(Reporter.java:116)
at com.framework.selenium.api.base.SeleniumBase.takeSnap(SeleniumBase.java:906)
at com.framework.utils.Reporter.reportStep(Reporter.java:89)
at com.framework.utils.Reporter.reportStep(Reporter.java:116)
at com.framework.selenium.api.base.SeleniumBase.takeSnap(SeleniumBase.java:906)
at com.framework.utils.Reporter.reportStep(Reporter.java:89)
at com.framework.utils.Reporter.reportStep(Reporter.java:116)
at com.framework.selenium.api.base.SeleniumBase.takeSnap(SeleniumBase.java:906)
at com.framework.utils.Reporter.reportStep(Reporter.java:89)
at com.framework.utils.Reporter.reportStep(Reporter.java:116)
at com.framework.selenium.api.base.SeleniumBase.takeSnap(SeleniumBase.java:906)
at com.framework.utils.Reporter.reportStep(Reporter.java:89)
at com.framework.utils.Reporter.reportStep(Reporter.java:116)
at com.framework.selenium.api.base.SeleniumBase.takeSnap(SeleniumBase.java:906)
at com.framework.utils.Reporter.reportStep(Reporter.java:89)
at com.framework.utils.Reporter.reportStep(Reporter.java:116)
at com.framework.selenium.api.base.SeleniumBase.takeSnap(SeleniumBase.java:906)
at com.framework.utils.Reporter.reportStep(Reporter.java:89)
at com.framework.utils.Reporter.reportStep(Reporter.java:116)
at com.framework.selenium.api.base.SeleniumBase.takeSnap(SeleniumBase.java:906)
at com.framework.utils.Reporter.reportStep(Reporter.java:89)
at com.framework.utils.Reporter.reportStep(Reporter.java:116)
at com.framework.selenium.api.base.SeleniumBase.takeSnap(SeleniumBase.java:906)
at com.framework.utils.Reporter.reportStep(Reporter.java:89)
at com.framework.utils.Reporter.reportStep(Reporter.java:116)
[...]
at com.framework.utils.Reporter.reportStep(Reporter.java:116)
at com.framework.selenium.api.base.SeleniumBase.takeSnap(SeleniumBase.java:906)
at com.framework.utils.Reporter.reportStep(Reporter.java:89)
at com.framework.utils.Reporter.reportStep(Reporter.java:116)
at com.framework.selenium.api.base.SeleniumBase.takeSnap(SeleniumBase.java:906)
at com.framework.utils.Reporter.reportStep(Reporter.java:89)
at com.framework.utils.Reporter.reportStep(Reporter.java:116)
at com.framework.selenium.api.base.SeleniumBase.takeSnap(SeleniumBase.java:906)
at com.framework.utils.Reporter.reportStep(Reporter.java:89)
at com.framework.utils.Reporter.reportStep(Reporter.java:116)
at com.framework.selenium.api.base.SeleniumBase.takeSnap(SeleniumBase.java:906)
at com.framework.utils.Reporter.reportStep(Reporter.java:89)
at com.framework.utils.Reporter.reportStep(Reporter.java:116)
at com.framework.selenium.api.base.SeleniumBase.takeSnap(SeleniumBase.java:906)
at com.framework.utils.Reporter.reportStep(Reporter.java:89)
at com.framework.utils.Reporter.reportStep(Reporter.java:116)
at com.framework.selenium.api.base.SeleniumBase.takeSnap(SeleniumBase.java:906)
at com.framework.utils.Reporter.reportStep(Reporter.java:89)
at com.framework.utils.Reporter.reportStep(Reporter.java:116)
at com.framework.selenium.api.base.SeleniumBase.takeSnap(SeleniumBase.java:906)
at com.framework.utils.Reporter.reportStep(Reporter.java:89)
at com.framework.utils.Reporter.reportStep(Reporter.java:116)
at com.framework.selenium.api.base.SeleniumBase.takeSnap(SeleniumBase.java:906)
at com.framework.utils.Reporter.reportStep(Reporter.java:89)
at com.framework.utils.Reporter.reportStep(Reporter.java:116)
at com.framework.selenium.api.base.SeleniumBase.takeSnap(SeleniumBase.java:906)
at com.framework.utils.Reporter.reportStep(Reporter.java:89)
at com.framework.utils.Reporter.reportStep(Reporter.java:116)
at com.framework.selenium.api.base.SeleniumBase.takeSnap(SeleniumBase.java:906)
at com.framework.utils.Reporter.reportStep(Reporter.java:89)
at com.framework.utils.Reporter.reportStep(Reporter.java:116)
at com.framework.selenium.api.base.SeleniumBase.takeSnap(SeleniumBase.java:906)
at com.framework.utils.Reporter.reportStep(Reporter.java:89)
at com.framework.utils.Reporter.reportStep(Reporter.java:116)
at com.framework.selenium.api.base.SeleniumBase.takeSnap(SeleniumBase.java:906)
at com.framework.utils.Reporter.reportStep(Reporter.java:89)
at com.framework.utils.Reporter.reportStep(Reporter.java:116)
at com.framework.selenium.api.base.SeleniumBase.takeSnap(SeleniumBase.java:906)
at com.framework.utils.Reporter.reportStep(Reporter.java:89)
at com.framework.utils.Reporter.reportStep(Reporter.java:116)
at com.framework.selenium.api.base.SeleniumBase.takeSnap(SeleniumBase.java:906)
at com.framework.utils.Reporter.reportStep(Reporter.java:89)
at com.framework.utils.Reporter.reportStep(Reporter.java:116)
at com.framework.selenium.api.base.SeleniumBase.takeSnap(SeleniumBase.java:906)
at com.framework.utils.Reporter.reportStep(Reporter.java:89)
at com.framework.utils.Reporter.reportStep(Reporter.java:116)
at com.framework.selenium.api.base.SeleniumBase.takeSnap(SeleniumBase.java:906)
at com.framework.utils.Reporter.reportStep(Reporter.java:89)
at com.framework.utils.Reporter.reportStep(Reporter.java:116)
at com.framework.selenium.api.base.SeleniumBase.takeSnap(SeleniumBase.java:906)
at com.framework.utils.Reporter.reportStep(Reporter.java:89)
at com.framework.utils.Reporter.reportStep(Reporter.java:116)
at com.framework.selenium.api.base.SeleniumBase.takeSnap(SeleniumBase.java:906)
at com.framework.utils.Reporter.reportStep(Reporter.java:89)
at com.framework.utils.Reporter.reportStep(Reporter.java:116)
at com.framework.selenium.api.base.SeleniumBase.takeSnap(SeleniumBase.java:906)
at com.framework.utils.Reporter.reportStep(Reporter.java:89)
at com.framework.utils.Reporter.reportStep(Reporter.java:116)
at com.framework.selenium.api.base.SeleniumBase.takeSnap(SeleniumBase.java:906)
at com.framework.utils.Reporter.reportStep(Reporter.java:89)
at com.framework.utils.Reporter.reportStep(Reporter.java:116)
at com.framework.selenium.api.base.SeleniumBase.takeSnap(SeleniumBase.java:906)
at com.framework.utils.Reporter.reportStep(Reporter.java:89)
at com.framework.utils.Reporter.reportStep(Reporter.java:116)
at com.framework.selenium.api.base.SeleniumBase.takeSnap(SeleniumBase.java:906)
at com.framework.utils.Reporter.reportStep(Reporter.java:89)
at com.framework.utils.Reporter.reportStep(Reporter.java:116)
at com.framework.selenium.api.base.SeleniumBase.takeSnap(SeleniumBase.java:906)
at com.framework.utils.Reporter.reportStep(Reporter.java:89)
at com.framework.utils.Reporter.reportStep(Reporter.java:116)
at com.framework.selenium.api.base.SeleniumBase.takeSnap(SeleniumBase.java:906)
at com.framework.utils.Reporter.reportStep(Reporter.java:89)
at com.framework.utils.Reporter.reportStep(Reporter.java:116)
at com.framework.selenium.api.base.SeleniumBase.takeSnap(SeleniumBase.java:906)
at com.framework.utils.Reporter.reportStep(Reporter.java:89)
at com.framework.utils.Reporter.reportStep(Reporter.java:116)
at com.framework.selenium.api.base.SeleniumBase.takeSnap(SeleniumBase.java:906)
at com.framework.utils.Reporter.reportStep(Reporter.java:89)
at com.framework.utils.Reporter.reportStep(Reporter.java:116)
at com.framework.selenium.api.base.SeleniumBase.takeSnap(SeleniumBase.java:906)
at com.framework.utils.Reporter.reportStep(Reporter.java:89)
at com.framework.utils.Reporter.reportStep(Reporter.java:116)
at com.framework.selenium.api.base.SeleniumBase.takeSnap(SeleniumBase.java:906)
at com.framework.utils.Reporter.reportStep(Reporter.java:89)
at com.framework.utils.Reporter.reportStep(Reporter.java:116)
at com.framework.selenium.api.base.SeleniumBase.takeSnap(SeleniumBase.java:906)
at com.framework.utils.Reporter.reportStep(Reporter.java:89)
at com.framework.utils.Reporter.reportStep(Reporter.java:116)
at com.framework.selenium.api.base.SeleniumBase.takeSnap(SeleniumBase.java:906)
at com.framework.utils.Reporter.reportStep(Reporter.java:89)
at com.framework.utils.Reporter.reportStep(Reporter.java:116)
at com.framework.selenium.api.base.SeleniumBase.takeSnap(SeleniumBase.java:906)
at com.framework.utils.Reporter.reportStep(Reporter.java:89)
at com.framework.utils.Reporter.reportStep(Reporter.java:116)
at com.framework.selenium.api.base.SeleniumBase.takeSnap(SeleniumBase.java:906)
at com.framework.utils.Reporter.reportStep(Reporter.java:89)
at com.framework.utils.Reporter.reportStep(Reporter.java:116)
at com.framework.selenium.api.base.SeleniumBase.takeSnap(SeleniumBase.java:906)
at com.framework.utils.Reporter.reportStep(Reporter.java:89)
at com.framework.utils.Reporter.reportStep(Reporter.java:116)
at com.framework.selenium.api.base.SeleniumBase.takeSnap(SeleniumBase.java:906)
at com.framework.utils.Reporter.reportStep(Reporter.java:89)
at com.framework.utils.Reporter.reportStep(Reporter.java:116)
at com.framework.selenium.api.base.SeleniumBase.takeSnap(SeleniumBase.java:906)
at com.framework.utils.Reporter.reportStep(Reporter.java:89)
at com.framework.utils.Reporter.reportStep(Reporter.java:116)
at com.framework.selenium.api.base.SeleniumBase.takeSnap(SeleniumBase.java:906)
at com.framework.utils.Reporter.reportStep(Reporter.java:89)
at com.framework.utils.Reporter.reportStep(Reporter.java:116)
at com.framework.selenium.api.base.SeleniumBase.takeSnap(SeleniumBase.java:906)
at com.framework.utils.Reporter.reportStep(Reporter.java:89)
at com.framework.utils.Reporter.reportStep(Reporter.java:116)
at com.framework.selenium.api.base.SeleniumBase.takeSnap(SeleniumBase.java:906)
at com.framework.utils.Reporter.reportStep(Reporter.java:89)
at com.framework.utils.Reporter.reportStep(Reporter.java:116)
at com.framework.selenium.api.base.SeleniumBase.takeSnap(SeleniumBase.java:906)
at com.framework.utils.Reporter.reportStep(Reporter.java:89)
at com.framework.utils.Reporter.reportStep(Reporter.java:116)
at com.framework.selenium.api.base.SeleniumBase.takeSnap(SeleniumBase.java:906)
at com.framework.utils.Reporter.reportStep(Reporter.java:89)
at com.framework.utils.Reporter.reportStep(Reporter.java:116)
at com.framework.selenium.api.base.SeleniumBase.takeSnap(SeleniumBase.java:906)
at com.framework.utils.Reporter.reportStep(Reporter.java:89)
at com.framework.utils.Reporter.reportStep(Reporter.java:116)
at com.framework.selenium.api.base.SeleniumBase.takeSnap(SeleniumBase.java:906)
at com.framework.utils.Reporter.reportStep(Reporter.java:89)
at com.framework.utils.Reporter.reportStep(Reporter.java:116)
at com.framework.selenium.api.base.SeleniumBase.takeSnap(SeleniumBase.java:906)
at com.framework.utils.Reporter.reportStep(Reporter.java:89)
at com.framework.utils.Reporter.reportStep(Reporter.java:116)
at com.framework.selenium.api.base.SeleniumBase.takeSnap(SeleniumBase.java:906)
at com.framework.utils.Reporter.reportStep(Reporter.java:89)
at com.framework.utils.Reporter.reportStep(Reporter.java:116)
at com.framework.selenium.api.base.SeleniumBase.takeSnap(SeleniumBase.java:906)
at com.framework.utils.Reporter.reportStep(Reporter.java:89)
at com.framework.utils.Reporter.reportStep(Reporter.java:116)
at com.framework.selenium.api.base.SeleniumBase.takeSnap(SeleniumBase.java:906)
at com.framework.utils.Reporter.reportStep(Reporter.java:89)
at com.framework.utils.Reporter.reportStep(Reporter.java:116)
at com.framework.selenium.api.base.SeleniumBase.takeSnap(SeleniumBase.java:906)
at com.framework.utils.Reporter.reportStep(Reporter.java:89)
at com.framework.utils.Reporter.reportStep(Reporter.java:116)
at com.framework.selenium.api.base.SeleniumBase.takeSnap(SeleniumBase.java:906)
at com.framework.utils.Reporter.reportStep(Reporter.java:89)
at com.framework.utils.Reporter.reportStep(Reporter.java:116)
at com.framework.selenium.api.base.SeleniumBase.takeSnap(SeleniumBase.java:906)
at com.framework.utils.Reporter.reportStep(Reporter.java:89)
at com.framework.utils.Reporter.reportStep(Reporter.java:116)
at com.framework.selenium.api.base.SeleniumBase.takeSnap(SeleniumBase.java:906)
at com.framework.utils.Reporter.reportStep(Reporter.java:89)
at com.framework.utils.Reporter.reportStep(Reporter.java:116)
at com.framework.selenium.api.base.SeleniumBase.takeSnap(SeleniumBase.java:906)
at com.framework.utils.Reporter.reportStep(Reporter.java:89)
at com.framework.utils.Reporter.reportStep(Reporter.java:116)
at com.framework.selenium.api.base.SeleniumBase.takeSnap(SeleniumBase.java:906)
at com.framework.utils.Reporter.reportStep(Reporter.java:89)
at com.framework.utils.Reporter.reportStep(Reporter.java:116)
at com.framework.selenium.api.base.SeleniumBase.takeSnap(SeleniumBase.java:906)
at com.framework.utils.Reporter.reportStep(Reporter.java:89)
at com.framework.utils.Reporter.reportStep(Reporter.java:116)
at com.framework.selenium.api.base.SeleniumBase.takeSnap(SeleniumBase.java:906)
at com.framework.utils.Reporter.reportStep(Reporter.java:89)
at com.framework.utils.Reporter.reportStep(Reporter.java:116)
at com.framework.selenium.api.base.SeleniumBase.takeSnap(SeleniumBase.java:906)
at com.framework.utils.Reporter.reportStep(Reporter.java:89)
at com.framework.utils.Reporter.reportStep(Reporter.java:116)
at com.framework.selenium.api.base.SeleniumBase.takeSnap(SeleniumBase.java:906)
at com.framework.utils.Reporter.reportStep(Reporter.java:89)
at com.framework.utils.Reporter.reportStep(Reporter.java:116)
at com.framework.selenium.api.base.SeleniumBase.takeSnap(SeleniumBase.java:906)
at com.framework.utils.Reporter.reportStep(Reporter.java:89)
at com.framework.utils.Reporter.reportStep(Reporter.java:116)
at com.framework.selenium.api.base.SeleniumBase.takeSnap(SeleniumBase.java:906)
at com.framework.utils.Reporter.reportStep(Reporter.java:89)
at com.framework.utils.Reporter.reportStep(Reporter.java:116)
at com.framework.selenium.api.base.SeleniumBase.takeSnap(SeleniumBase.java:906)
at com.framework.utils.Reporter.reportStep(Reporter.java:89)
at com.framework.utils.Reporter.reportStep(Reporter.java:116)
at com.framework.selenium.api.base.SeleniumBase.takeSnap(SeleniumBase.java:906)
at com.framework.utils.Reporter.reportStep(Reporter.java:89)
at com.framework.utils.Reporter.reportStep(Reporter.java:116)
at com.framework.selenium.api.base.SeleniumBase.takeSnap(SeleniumBase.java:906)
at com.framework.utils.Reporter.reportStep(Reporter.java:89)
at com.framework.utils.Reporter.reportStep(Reporter.java:116)
at com.framework.selenium.api.base.SeleniumBase.takeSnap(SeleniumBase.java:906)
at com.framework.utils.Reporter.reportStep(Reporter.java:89)
at com.framework.utils.Reporter.reportStep(Reporter.java:116)
at com.framework.selenium.api.base.SeleniumBase.takeSnap(SeleniumBase.java:906)
at com.framework.utils.Reporter.reportStep(Reporter.java:89)
at com.framework.utils.Reporter.reportStep(Reporter.java:116)
at com.framework.selenium.api.base.SeleniumBase.takeSnap(SeleniumBase.java:906)
at com.framework.utils.Reporter.reportStep(Reporter.java:89)
at com.framework.utils.Reporter.reportStep(Reporter.java:116)
at com.framework.selenium.api.base.SeleniumBase.takeSnap(SeleniumBase.java:906)
at com.framework.utils.Reporter.reportStep(Reporter.java:89)
at com.framework.utils.Reporter.reportStep(Reporter.java:116)
at com.framework.selenium.api.base.SeleniumBase.takeSnap(SeleniumBase.java:906)
at com.framework.utils.Reporter.reportStep(Reporter.java:89)
at com.framework.utils.Reporter.reportStep(Reporter.java:116)
at com.framework.selenium.api.base.SeleniumBase.takeSnap(SeleniumBase.java:906)
at com.framework.utils.Reporter.reportStep(Reporter.java:89)
at com.framework.utils.Reporter.reportStep(Reporter.java:116)
at com.framework.selenium.api.base.SeleniumBase.takeSnap(SeleniumBase.java:906)
at com.framework.utils.Reporter.reportStep(Reporter.java:89)
at com.framework.utils.Reporter.reportStep(Reporter.java:116)
at com.framework.selenium.api.base.SeleniumBase.takeSnap(SeleniumBase.java:906)
at com.framework.utils.Reporter.reportStep(Reporter.java:89)
at com.framework.utils.Reporter.reportStep(Reporter.java:116)
at com.framework.selenium.api.base.SeleniumBase.takeSnap(SeleniumBase.java:906)
at com.framework.utils.Reporter.reportStep(Reporter.java:89)
at com.framework.utils.Reporter.reportStep(Reporter.java:116)
at com.framework.selenium.api.base.SeleniumBase.takeSnap(SeleniumBase.java:906)
at com.framework.utils.Reporter.reportStep(Reporter.java:89)
at com.framework.utils.Reporter.reportStep(Reporter.java:116)
at com.framework.selenium.api.base.SeleniumBase.takeSnap(SeleniumBase.java:906)
at com.framework.utils.Reporter.reportStep(Reporter.java:89)
at com.framework.utils.Reporter.reportStep(Reporter.java:116)
at com.framework.selenium.api.base.SeleniumBase.takeSnap(SeleniumBase.java:906)
at com.framework.utils.Reporter.reportStep(Reporter.java:89)
at com.framework.utils.Reporter.reportStep(Reporter.java:116)
at com.framework.selenium.api.base.SeleniumBase.takeSnap(SeleniumBase.java:906)
at com.framework.utils.Reporter.reportStep(Reporter.java:89)
at com.framework.utils.Reporter.reportStep(Reporter.java:116)
at com.framework.selenium.api.base.SeleniumBase.takeSnap(SeleniumBase.java:906)
at com.framework.utils.Reporter.reportStep(Reporter.java:89)
at com.framework.utils.Reporter.reportStep(Reporter.java:116)
at com.framework.selenium.api.base.SeleniumBase.takeSnap(SeleniumBase.java:906)
at com.framework.utils.Reporter.reportStep(Reporter.java:89)
at com.framework.utils.Reporter.reportStep(Reporter.java:116)
at com.framework.selenium.api.base.SeleniumBase.takeSnap(SeleniumBase.java:906)
at com.framework.utils.Reporter.reportStep(Reporter.java:89)
at com.framework.utils.Reporter.reportStep(Reporter.java:116)
at com.framework.selenium.api.base.SeleniumBase.takeSnap(SeleniumBase.java:906)
at com.framework.utils.Reporter.reportStep(Reporter.java:89)
at com.framework.utils.Reporter.reportStep(Reporter.java:116)
at com.framework.selenium.api.base.SeleniumBase.takeSnap(SeleniumBase.java:906)
at com.framework.utils.Reporter.reportStep(Reporter.java:89)
at com.framework.utils.Reporter.reportStep(Reporter.java:116)
at com.framework.selenium.api.base.SeleniumBase.takeSnap(SeleniumBase.java:906)
at com.framework.utils.Reporter.reportStep(Reporter.java:89)
at com.framework.utils.Reporter.reportStep(Reporter.java:116)
at com.framework.selenium.api.base.SeleniumBase.takeSnap(SeleniumBase.java:906)
at com.framework.utils.Reporter.reportStep(Reporter.java:89)
at com.framework.utils.Reporter.reportStep(Reporter.java:116)
at com.framework.selenium.api.base.SeleniumBase.takeSnap(SeleniumBase.java:906)
at com.framework.utils.Reporter.reportStep(Reporter.java:89)
at com.framework.utils.Reporter.reportStep(Reporter.java:116)
at com.framework.selenium.api.base.SeleniumBase.takeSnap(SeleniumBase.java:906)
at com.framework.utils.Reporter.reportStep(Reporter.java:89)
at com.framework.utils.Reporter.reportStep(Reporter.java:116)
at com.framework.selenium.api.base.SeleniumBase.takeSnap(SeleniumBase.java:906)
at com.framework.utils.Reporter.reportStep(Reporter.java:89)
at com.framework.utils.Reporter.reportStep(Reporter.java:116)
at com.framework.selenium.api.base.SeleniumBase.takeSnap(SeleniumBase.java:906)
at com.framework.utils.Reporter.reportStep(Reporter.java:89)
at com.framework.utils.Reporter.reportStep(Reporter.java:116)
at com.framework.selenium.api.base.SeleniumBase.takeSnap(SeleniumBase.java:906)
at com.framework.utils.Reporter.reportStep(Reporter.java:89)
at com.framework.utils.Reporter.reportStep(Reporter.java:116)
at com.framework.selenium.api.base.SeleniumBase.takeSnap(SeleniumBase.java:906)
at com.framework.utils.Reporter.reportStep(Reporter.java:89)
at com.framework.utils.Reporter.reportStep(Reporter.java:116)
at com.framework.selenium.api.base.SeleniumBase.takeSnap(SeleniumBase.java:906)
at com.framework.utils.Reporter.reportStep(Reporter.java:89)
at com.framework.utils.Reporter.reportStep(Reporter.java:116)
at com.framework.selenium.api.base.SeleniumBase.takeSnap(SeleniumBase.java:906)
at com.framework.utils.Reporter.reportStep(Reporter.java:89)
at com.framework.utils.Reporter.reportStep(Reporter.java:116)
at com.framework.selenium.api.base.SeleniumBase.takeSnap(SeleniumBase.java:906)
at com.framework.utils.Reporter.reportStep(Reporter.java:89)
at com.framework.utils.Reporter.reportStep(Reporter.java:116)
at com.framework.selenium.api.base.SeleniumBase.takeSnap(SeleniumBase.java:906)
at com.framework.utils.Reporter.reportStep(Reporter.java:89)
at com.framework.utils.Reporter.reportStep(Reporter.java:116)
at com.framework.selenium.api.base.SeleniumBase.takeSnap(SeleniumBase.java:906)
at com.framework.utils.Reporter.reportStep(Reporter.java:89)
at com.framework.utils.Reporter.reportStep(Reporter.java:116)
at com.framework.selenium.api.base.SeleniumBase.takeSnap(SeleniumBase.java:906)
at com.framework.utils.Reporter.reportStep(Reporter.java:89)
at com.framework.utils.Reporter.reportStep(Reporter.java:116)
at com.framework.selenium.api.base.SeleniumBase.takeSnap(SeleniumBase.java:906)
at com.framework.utils.Reporter.reportStep(Reporter.java:89)
]]>
    </failure>
  </testcase> <!-- @BeforeMethod preCondition -->
  <testcase classname="com.framework.testng.api.base.ProjectSpecificMethods" name="@AfterMethod postCondition" time="-1.696171085706E9">
    <skipped/>
  </testcase> <!-- @AfterMethod postCondition -->
  <testcase classname="com.pos.testcases.DeleteCustomer" name="runLogin" time="0.0">
    <skipped/>
  </testcase> <!-- runLogin -->
  <testcase classname="com.pos.testcases.EditCustomer" name="runLogin" time="0.0">
    <skipped/>
  </testcase> <!-- runLogin -->
  <testcase classname="com.framework.utils.Reporter" name="@BeforeSuite startReport" time="0.0">
    <ignored/>
  </testcase> <!-- @BeforeSuite startReport -->
  <testcase classname="com.framework.utils.Reporter" name="@AfterSuite endResult" time="0.0">
    <ignored/>
  </testcase> <!-- @AfterSuite endResult -->
</testsuite> <!-- firefox -->
