<?xml version="1.0" encoding="UTF-8"?>
<testng-results ignored="2" total="4" passed="2" failed="0" skipped="0">
  <reporter-output>
  </reporter-output>
  <suite started-at="2023-10-01T21:20:14 IST" name="Suite" finished-at="2023-10-01T21:20:34 IST" duration-ms="20056">
    <groups>
    </groups>
    <test started-at="2023-10-01T21:20:14 IST" name="chrome" finished-at="2023-10-01T21:20:34 IST" duration-ms="20056">
      <class name="com.pos.testcases.EditVendor">
        <test-method is-config="true" signature="setValues()[pri:0, instance:com.pos.testcases.EditVendor@443118b0]" started-at="2023-10-01T21:20:14 IST" name="setValues" finished-at="2023-10-01T21:20:14 IST" duration-ms="0" status="PASS">
          <reporter-output>
          </reporter-output>
        </test-method> <!-- setValues -->
        <test-method is-config="true" signature="startTestCase()[pri:0, instance:com.pos.testcases.EditVendor@443118b0]" started-at="2023-10-01T21:20:14 IST" name="startTestCase" finished-at="2023-10-01T21:20:14 IST" duration-ms="6" status="PASS">
          <reporter-output>
          </reporter-output>
        </test-method> <!-- startTestCase -->
        <test-method is-config="true" signature="preCondition(java.lang.String)[pri:0, instance:com.pos.testcases.EditVendor@443118b0]" started-at="2023-10-01T21:20:15 IST" name="preCondition" finished-at="2023-10-01T21:20:18 IST" duration-ms="2643" status="PASS">
          <params>
            <param index="0">
              <value>
                <![CDATA[chrome]]>
              </value>
            </param>
          </params>
          <reporter-output>
          </reporter-output>
        </test-method> <!-- preCondition -->
        <test-method signature="runLogin(java.lang.String,java.lang.String,java.lang.String,java.lang.String)[pri:0, instance:com.pos.testcases.EditVendor@443118b0]" started-at="2023-10-01T21:20:18 IST" name="runLogin" data-provider="fetchData" finished-at="2023-10-01T21:20:33 IST" duration-ms="15306" status="PASS">
          <params>
            <param index="0">
              <value>
                <![CDATA[8220316109]]>
              </value>
            </param>
            <param index="1">
              <value>
                <![CDATA[Kumar]]>
              </value>
            </param>
            <param index="2">
              <value>
                <![CDATA[The vendor you entered was saved successfully.]]>
              </value>
            </param>
            <param index="3">
              <value>
                <![CDATA[Kumar]]>
              </value>
            </param>
          </params>
          <reporter-output>
          </reporter-output>
        </test-method> <!-- runLogin -->
        <test-method is-config="true" signature="postCondition()[pri:0, instance:com.pos.testcases.EditVendor@443118b0]" started-at="2023-10-01T21:20:33 IST" name="postCondition" finished-at="2023-10-01T21:20:33 IST" duration-ms="315" status="PASS">
          <reporter-output>
          </reporter-output>
        </test-method> <!-- postCondition -->
      </class> <!-- com.pos.testcases.EditVendor -->
      <class name="com.pos.testcases.CreateNewVendor">
        <test-method is-config="true" signature="startReport()[pri:0, instance:com.pos.testcases.CreateNewVendor@1bb5a082]" started-at="2023-10-01T21:20:14 IST" name="startReport" finished-at="2023-10-01T21:20:14 IST" duration-ms="128" status="PASS">
          <reporter-output>
          </reporter-output>
        </test-method> <!-- startReport -->
        <test-method is-config="true" signature="setValues()[pri:0, instance:com.pos.testcases.CreateNewVendor@1bb5a082]" started-at="2023-10-01T21:20:14 IST" name="setValues" finished-at="2023-10-01T21:20:14 IST" duration-ms="0" status="PASS">
          <reporter-output>
          </reporter-output>
        </test-method> <!-- setValues -->
        <test-method is-config="true" signature="startTestCase()[pri:0, instance:com.pos.testcases.CreateNewVendor@1bb5a082]" started-at="2023-10-01T21:20:14 IST" name="startTestCase" finished-at="2023-10-01T21:20:14 IST" duration-ms="6" status="PASS">
          <reporter-output>
          </reporter-output>
        </test-method> <!-- startTestCase -->
        <test-method is-config="true" signature="preCondition(java.lang.String)[pri:0, instance:com.pos.testcases.CreateNewVendor@1bb5a082]" started-at="2023-10-01T21:20:15 IST" name="preCondition" finished-at="2023-10-01T21:20:18 IST" duration-ms="2720" status="PASS">
          <params>
            <param index="0">
              <value>
                <![CDATA[chrome]]>
              </value>
            </param>
          </params>
          <reporter-output>
          </reporter-output>
        </test-method> <!-- preCondition -->
        <test-method signature="runLogin(java.lang.String,java.lang.String,java.lang.String,java.lang.String,java.lang.String,java.lang.String)[pri:0, instance:com.pos.testcases.CreateNewVendor@1bb5a082]" started-at="2023-10-01T21:20:18 IST" name="runLogin" data-provider="fetchData" finished-at="2023-10-01T21:20:34 IST" duration-ms="16324" status="PASS">
          <params>
            <param index="0">
              <value>
                <![CDATA[8220316109]]>
              </value>
            </param>
            <param index="1">
              <value>
                <![CDATA[Vinoth]]>
              </value>
            </param>
            <param index="2">
              <value>
                <![CDATA[Selenium]]>
              </value>
            </param>
            <param index="3">
              <value>
                <![CDATA[Chennai]]>
              </value>
            </param>
            <param index="4">
              <value>
                <![CDATA[8220316109]]>
              </value>
            </param>
            <param index="5">
              <value>
                <![CDATA[vinod@gmail.com]]>
              </value>
            </param>
          </params>
          <reporter-output>
          </reporter-output>
        </test-method> <!-- runLogin -->
        <test-method is-config="true" signature="postCondition()[pri:0, instance:com.pos.testcases.CreateNewVendor@1bb5a082]" started-at="2023-10-01T21:20:34 IST" name="postCondition" finished-at="2023-10-01T21:20:34 IST" duration-ms="145" status="PASS">
          <reporter-output>
          </reporter-output>
        </test-method> <!-- postCondition -->
        <test-method is-config="true" signature="endResult()[pri:0, instance:com.pos.testcases.CreateNewVendor@1bb5a082]" started-at="2023-10-01T21:20:34 IST" name="endResult" finished-at="2023-10-01T21:20:35 IST" duration-ms="399" status="PASS">
          <reporter-output>
          </reporter-output>
        </test-method> <!-- endResult -->
      </class> <!-- com.pos.testcases.CreateNewVendor -->
    </test> <!-- chrome -->
  </suite> <!-- Suite -->
</testng-results>
